<?xml version="1.0" encoding="UTF-8"?>
<!-- Generated by org.testng.reporters.JUnitXMLReporter -->
<testsuite hostname="QTLSYS2-238" ignored="0" name="Test" tests="8" failures="2" timestamp="24 Jul 2019 07:22:46 GMT" time="0.061" errors="0">
  <testcase name="Test1" time="0.01" classname="pack.Test001">
    <skipped/>
  </testcase> <!-- Test1 -->
  <testcase name="Test1" time="0.001" classname="pack.Test001">
    <skipped/>
  </testcase> <!-- Test1 -->
  <testcase name="Test1" time="0.001" classname="pack.Test001">
    <skipped/>
  </testcase> <!-- Test1 -->
  <testcase name="Test1" time="0.001" classname="pack.Test001">
    <failure type="java.lang.AssertionError" message="expected [false] but found [true]">
      <![CDATA[java.lang.AssertionError: expected [false] but found [true]
at pack.Test001.Test1(Test001.java:10)
... Removed 31 stack frames]]>
    </failure>
  </testcase> <!-- Test1 -->
  <testcase name="Test2" time="0.002" classname="pack.Test001">
    <skipped/>
  </testcase> <!-- Test2 -->
  <testcase name="Test2" time="0.001" classname="pack.Test001">
    <skipped/>
  </testcase> <!-- Test2 -->
  <testcase name="Test2" time="0.002" classname="pack.Test001">
    <skipped/>
  </testcase> <!-- Test2 -->
  <testcase name="Test2" time="0.001" classname="pack.Test001">
    <failure type="java.lang.AssertionError" message="expected [true] but found [false]">
      <![CDATA[java.lang.AssertionError: expected [true] but found [false]
at pack.Test001.Test2(Test001.java:17)
... Removed 29 stack frames]]>
    </failure>
  </testcase> <!-- Test2 -->
</testsuite> <!-- Test -->
