<?xml version="1.0" encoding="UTF-8"?>
<testng-results skipped="39" failed="3" ignored="0" total="47" passed="5">
  <reporter-output>
  </reporter-output>
  <suite name="Default suite" duration-ms="2950740" started-at="2019-07-31T05:49:29Z" finished-at="2019-07-31T06:38:40Z">
    <groups>
      <group name="chenna_TN_TLP">
        <method signature="AA_TN_TLP.AA_Loan__Payment__RenewLoanDueDate__shouldnotdisplayVoid()[pri:12, instance:pack.AA_TN_TLP@63753b6d]" name="AA_Loan__Payment__RenewLoanDueDate__shouldnotdisplayVoid" class="pack.AA_TN_TLP"/>
        <method signature="AA_TN_TLP.AA_NewLoan_PPayment_StpY_2inst_FeePriciple_PPayment()[pri:44, instance:pack.AA_TN_TLP@63753b6d]" name="AA_NewLoan_PPayment_StpY_2inst_FeePriciple_PPayment" class="pack.AA_TN_TLP"/>
        <method signature="AA_TN_TLP.AA_NewLoan_PPayment_StpY_2ndInstDuration_Payment_StpN()[pri:45, instance:pack.AA_TN_TLP@63753b6d]" name="AA_NewLoan_PPayment_StpY_2ndInstDuration_Payment_StpN" class="pack.AA_TN_TLP"/>
        <method signature="AA_TN_TLP.AA_NewLoan_PartialPayment_StopRenew_EODDuedate()[pri:43, instance:pack.AA_TN_TLP@63753b6d]" name="AA_NewLoan_PartialPayment_StopRenew_EODDuedate" class="pack.AA_TN_TLP"/>
        <method signature="AA_TN_TLP.AA_OneCustomer_OneVIN_TwoLoans_ThirdLoanNotOriginate_TLP()[pri:16, instance:pack.AA_TN_TLP@63753b6d]" name="AA_OneCustomer_OneVIN_TwoLoans_ThirdLoanNotOriginate_TLP" class="pack.AA_TN_TLP"/>
        <method signature="AA_TN_TLP.AA_OneCustomer_OneVIN_TwoLoans_Writoff()[pri:46, instance:pack.AA_TN_TLP@63753b6d]" name="AA_OneCustomer_OneVIN_TwoLoans_Writoff" class="pack.AA_TN_TLP"/>
        <method signature="AA_TN_TLP.AA_TwoLoans_OneVIN_OneDefault_Repossession_Salvage_Refund()[pri:19, instance:pack.AA_TN_TLP@63753b6d]" name="AA_TwoLoans_OneVIN_OneDefault_Repossession_Salvage_Refund" class="pack.AA_TN_TLP"/>
        <method signature="AA_TN_TLP.BarrowRegistration_VerfyLoanAmountBased_BlockBookValueOrnot()[pri:30, instance:pack.AA_TN_TLP@63753b6d]" name="BarrowRegistration_VerfyLoanAmountBased_BlockBookValueOrnot" class="pack.AA_TN_TLP"/>
        <method signature="AA_TN_TLP.BorrowerNewLoan_Rule_TLP()[pri:10, instance:pack.AA_TN_TLP@63753b6d]" name="BorrowerNewLoan_Rule_TLP" class="pack.AA_TN_TLP"/>
        <method signature="AA_TN_TLP.Loan_AgestoreRescindDays_Rescind()[pri:1, instance:pack.AA_TN_TLP@63753b6d]" name="Loan_AgestoreRescindDays_Rescind" class="pack.AA_TN_TLP"/>
        <method signature="AA_TN_TLP.Loan_EncryptionKey_Void()[pri:0, instance:pack.AA_TN_TLP@63753b6d]" name="Loan_EncryptionKey_Void" class="pack.AA_TN_TLP"/>
        <method signature="AA_TN_TLP.Loan_GenerateLetter_EOD1stInstDate_EOD2ndInstDate_Default_DefaultPmt_LoanShouldbeClosed()[pri:38, instance:pack.AA_TN_TLP@63753b6d]" name="Loan_GenerateLetter_EOD1stInstDate_EOD2ndInstDate_Default_DefaultPmt_LoanShouldbeClosed" class="pack.AA_TN_TLP"/>
        <method signature="AA_TN_TLP.Loan_GenerateLetter_EOD1stInstDate_EOD2ndInstDate_Default_DefaultPmt_Void_CheckLoanStatus()[pri:13, instance:pack.AA_TN_TLP@63753b6d]" name="Loan_GenerateLetter_EOD1stInstDate_EOD2ndInstDate_Default_DefaultPmt_Void_CheckLoanStatus" class="pack.AA_TN_TLP"/>
        <method signature="AA_TN_TLP.Loan_InstallmentPayment_Void_TLP()[pri:11, instance:pack.AA_TN_TLP@63753b6d]" name="Loan_InstallmentPayment_Void_TLP" class="pack.AA_TN_TLP"/>
        <method signature="AA_TN_TLP.Loan_Letter10days1stDuedate_Miss1stInstPmt_RenewLoan1stDuedate_Pay1stInstAmtAfterletterGeneration_AppApportionate()[pri:14, instance:pack.AA_TN_TLP@63753b6d]" name="Loan_Letter10days1stDuedate_Miss1stInstPmt_RenewLoan1stDuedate_Pay1stInstAmtAfterletterGeneration_AppApportionate" class="pack.AA_TN_TLP"/>
        <method signature="AA_TN_TLP.Loan_PartialPmtStopRenewal_LetterNotGenerate_EOD1stInsDueDate_LoanNotRenewed_Default_DFLTAmt()[pri:18, instance:pack.AA_TN_TLP@63753b6d]" name="Loan_PartialPmtStopRenewal_LetterNotGenerate_EOD1stInsDueDate_LoanNotRenewed_Default_DFLTAmt" class="pack.AA_TN_TLP"/>
        <method signature="AA_TN_TLP.Loan_PaymentForInterestAmount_paymentForFee_paymentforPrincipleAmount_ReviseSchedule()[pri:15, instance:pack.AA_TN_TLP@63753b6d]" name="Loan_PaymentForInterestAmount_paymentForFee_paymentforPrincipleAmount_ReviseSchedule" class="pack.AA_TN_TLP"/>
        <method signature="AA_TN_TLP.NewLoan_Agestore_beforeduedate_Partialpymt_Void()[pri:20, instance:pack.AA_TN_TLP@63753b6d]" name="NewLoan_Agestore_beforeduedate_Partialpymt_Void" class="pack.AA_TN_TLP"/>
        <method signature="AA_TN_TLP.NewLoan_Agestore_beforeduedate_Payoff_Void()[pri:21, instance:pack.AA_TN_TLP@63753b6d]" name="NewLoan_Agestore_beforeduedate_Payoff_Void" class="pack.AA_TN_TLP"/>
        <method signature="AA_TN_TLP.NewLoan_Bi_Weekly_Frequency_Check_Duedate_30days()[pri:22, instance:pack.AA_TN_TLP@63753b6d]" name="NewLoan_Bi_Weekly_Frequency_Check_Duedate_30days" class="pack.AA_TN_TLP"/>
        <method signature="AA_TN_TLP.NewLoan_EODon10DaysBeforeInstallmentDuedate_RenewalLaterShouldBePrinted()[pri:33, instance:pack.AA_TN_TLP@63753b6d]" name="NewLoan_EODon10DaysBeforeInstallmentDuedate_RenewalLaterShouldBePrinted" class="pack.AA_TN_TLP"/>
        <method signature="AA_TN_TLP.NewLoan_EODon10DaysBeforeInstallmentDuedate_RenewalLaterShouldBePrinted_OnDueDateEOD_Renewed()[pri:34, instance:pack.AA_TN_TLP@63753b6d]" name="NewLoan_EODon10DaysBeforeInstallmentDuedate_RenewalLaterShouldBePrinted_OnDueDateEOD_Renewed" class="pack.AA_TN_TLP"/>
        <method signature="AA_TN_TLP.NewLoan_PartialPayment_GenerateRenewLater10DaysBeforeDueDate_ShouldnotgenerateTheRenewalLater()[pri:35, instance:pack.AA_TN_TLP@63753b6d]" name="NewLoan_PartialPayment_GenerateRenewLater10DaysBeforeDueDate_ShouldnotgenerateTheRenewalLater" class="pack.AA_TN_TLP"/>
        <method signature="AA_TN_TLP.NewLoan_PartialPayment_GenerateRenewLater10DaysBeforeDueDate_ShouldnotgenerateTheRenewalLater_1stand2ndinstallmentPayment_on2ndinstallmentdurationdate()[pri:37, instance:pack.AA_TN_TLP@63753b6d]" name="NewLoan_PartialPayment_GenerateRenewLater10DaysBeforeDueDate_ShouldnotgenerateTheRenewalLater_1stand2ndinstallmentPayment_on2ndinstallmentdurationdate" class="pack.AA_TN_TLP"/>
        <method signature="AA_TN_TLP.NewLoan_PartialPayment_GenerateRenewLater10DaysBeforeDueDate_ShouldnotgenerateTheRenewalLater_PartialPayment()[pri:36, instance:pack.AA_TN_TLP@63753b6d]" name="NewLoan_PartialPayment_GenerateRenewLater10DaysBeforeDueDate_ShouldnotgenerateTheRenewalLater_PartialPayment" class="pack.AA_TN_TLP"/>
        <method signature="AA_TN_TLP.NewLoan_Paymenttoapportinateprinciple_Void_Cancelreschudle()[pri:3, instance:pack.AA_TN_TLP@63753b6d]" name="NewLoan_Paymenttoapportinateprinciple_Void_Cancelreschudle" class="pack.AA_TN_TLP"/>
        <method signature="AA_TN_TLP.NewLoan_Rescind()[pri:32, instance:pack.AA_TN_TLP@63753b6d]" name="NewLoan_Rescind" class="pack.AA_TN_TLP"/>
        <method signature="AA_TN_TLP.NewLoan_multiplel_disbursement_void()[pri:2, instance:pack.AA_TN_TLP@63753b6d]" name="NewLoan_multiplel_disbursement_void" class="pack.AA_TN_TLP"/>
        <method signature="AA_TN_TLP.Newloan_1stinstTo3rdinstPayment_check4thinstpayment()[pri:42, instance:pack.AA_TN_TLP@63753b6d]" name="Newloan_1stinstTo3rdinstPayment_check4thinstpayment" class="pack.AA_TN_TLP"/>
        <method signature="AA_TN_TLP.Newloan_Default_Writeoff_WriteOffRecovery_LoanShouldClosed()[pri:40, instance:pack.AA_TN_TLP@63753b6d]" name="Newloan_Default_Writeoff_WriteOffRecovery_LoanShouldClosed" class="pack.AA_TN_TLP"/>
        <method signature="AA_TN_TLP.Newloan_Default_Writeoff_WriteOffRecovery_void_LoanOpened()[pri:41, instance:pack.AA_TN_TLP@63753b6d]" name="Newloan_Default_Writeoff_WriteOffRecovery_void_LoanOpened" class="pack.AA_TN_TLP"/>
        <method signature="AA_TN_TLP.Newloan_void()[pri:31, instance:pack.AA_TN_TLP@63753b6d]" name="Newloan_void" class="pack.AA_TN_TLP"/>
        <method signature="AA_TN_TLP.TwoLoans_1VIN_1DFLT_2NotDFLT_Voluntary_Surrender_Auction_SalewithlessAmt_Waived_OtherloanWaived()[pri:23, instance:pack.AA_TN_TLP@63753b6d]" name="TwoLoans_1VIN_1DFLT_2NotDFLT_Voluntary_Surrender_Auction_SalewithlessAmt_Waived_OtherloanWaived" class="pack.AA_TN_TLP"/>
        <method signature="AA_TN_TLP.TwoLoans_1VIN_1DFLT_2NotDFLT_Voluntary_Surrender_Auction_Salewithmorethanoneloan_TotalDue_Remainingsaletootherloan_remainingamtWaived()[pri:25, instance:pack.AA_TN_TLP@63753b6d]" name="TwoLoans_1VIN_1DFLT_2NotDFLT_Voluntary_Surrender_Auction_Salewithmorethanoneloan_TotalDue_Remainingsaletootherloan_remainingamtWaived" class="pack.AA_TN_TLP"/>
        <method signature="AA_TN_TLP.TwoLoans_1VIN_1DFLT_2NotDFLT_Voluntary_Surrender_Auction_Salewithmorethantwoloans_TotalDue_Waived_OtherloanWaived()[pri:24, instance:pack.AA_TN_TLP@63753b6d]" name="TwoLoans_1VIN_1DFLT_2NotDFLT_Voluntary_Surrender_Auction_Salewithmorethantwoloans_TotalDue_Waived_OtherloanWaived" class="pack.AA_TN_TLP"/>
        <method signature="AA_TN_TLP.TwoLoans_TwoCustomers_OneVIN_3rdLoanNotOriginate()[pri:17, instance:pack.AA_TN_TLP@63753b6d]" name="TwoLoans_TwoCustomers_OneVIN_3rdLoanNotOriginate" class="pack.AA_TN_TLP"/>
        <method signature="AA_TN_TLP.TwoLoans_singleVIN_OneDFLT_Other_ShouldNotDFLT2_Surrender_Salvage_Waive1()[pri:39, instance:pack.AA_TN_TLP@63753b6d]" name="TwoLoans_singleVIN_OneDFLT_Other_ShouldNotDFLT2_Surrender_Salvage_Waive1" class="pack.AA_TN_TLP"/>
        <method signature="AA_TN_TLP.TwoLoans_singleVIN_OneDFLT_Other_ShouldNotDFLT2_Voluntary_Surrender_Salvage_MorethanoneloanTotalDue_Waived()[pri:27, instance:pack.AA_TN_TLP@63753b6d]" name="TwoLoans_singleVIN_OneDFLT_Other_ShouldNotDFLT2_Voluntary_Surrender_Salvage_MorethanoneloanTotalDue_Waived" class="pack.AA_TN_TLP"/>
        <method signature="AA_TN_TLP.TwoLoans_singleVIN_OneDFLT_Other_ShouldNotDFLT2_Voluntary_Surrender_Salvage_TwoloansTotalDue_2loansclosed_refund()[pri:28, instance:pack.AA_TN_TLP@63753b6d]" name="TwoLoans_singleVIN_OneDFLT_Other_ShouldNotDFLT2_Voluntary_Surrender_Salvage_TwoloansTotalDue_2loansclosed_refund" class="pack.AA_TN_TLP"/>
        <method signature="AA_TN_TLP.TwoLoans_singleVIN_OneDFLT_Other_ShouldNotDFLT2_Voluntary_Surrender_Salvage_Waived()[pri:29, instance:pack.AA_TN_TLP@63753b6d]" name="TwoLoans_singleVIN_OneDFLT_Other_ShouldNotDFLT2_Voluntary_Surrender_Salvage_Waived" class="pack.AA_TN_TLP"/>
        <method signature="AA_TN_TLP.TwoLoans_singleVIN_OneDFLT_Other_ShouldNotDFLT_VoluntarySurrender()[pri:26, instance:pack.AA_TN_TLP@63753b6d]" name="TwoLoans_singleVIN_OneDFLT_Other_ShouldNotDFLT_VoluntarySurrender" class="pack.AA_TN_TLP"/>
        <method signature="AA_TN_TLP.TwoLoansameVIN_Default_Repossion_repoPaymentmoreAmount_ShouldnoteffectotherLoan()[pri:6, instance:pack.AA_TN_TLP@63753b6d]" name="TwoLoansameVIN_Default_Repossion_repoPaymentmoreAmount_ShouldnoteffectotherLoan" class="pack.AA_TN_TLP"/>
        <method signature="AA_TN_TLP.TwoLoansameVIN_OneDefault_Repossession_RepossessionshouldposttwoLoans()[pri:5, instance:pack.AA_TN_TLP@63753b6d]" name="TwoLoansameVIN_OneDefault_Repossession_RepossessionshouldposttwoLoans" class="pack.AA_TN_TLP"/>
        <method signature="AA_TN_TLP.TwoLoansameVIN_OneLoanDefault_OutofReposhouldnotpostotherLoan()[pri:4, instance:pack.AA_TN_TLP@63753b6d]" name="TwoLoansameVIN_OneLoanDefault_OutofReposhouldnotpostotherLoan" class="pack.AA_TN_TLP"/>
        <method signature="AA_TN_TLP.TwoLoansonsameVin_Default_Repossession_OneLoanAcution_ShouldnoteffectotherLoan()[pri:7, instance:pack.AA_TN_TLP@63753b6d]" name="TwoLoansonsameVin_Default_Repossession_OneLoanAcution_ShouldnoteffectotherLoan" class="pack.AA_TN_TLP"/>
        <method signature="AA_TN_TLP.TwoLoansonsameVin_Default_saleLessAmount_RemainingAmountShouldbwaived()[pri:8, instance:pack.AA_TN_TLP@63753b6d]" name="TwoLoansonsameVin_Default_saleLessAmount_RemainingAmountShouldbwaived" class="pack.AA_TN_TLP"/>
        <method signature="AA_TN_TLP.TwoLoansonsameVin_Default_saleMoreAmount_RemainingAmountShouldbwaived()[pri:9, instance:pack.AA_TN_TLP@63753b6d]" name="TwoLoansonsameVin_Default_saleMoreAmount_RemainingAmountShouldbwaived" class="pack.AA_TN_TLP"/>
      </group> <!-- chenna_TN_TLP -->
    </groups>
    <test name="Default test" duration-ms="2950740" started-at="2019-07-31T05:49:29Z" finished-at="2019-07-31T06:38:40Z">
      <class name="pack.AA_TN_TLP">
        <test-method status="PASS" signature="setup_Grid()[pri:0, instance:pack.AA_TN_TLP@63753b6d]" name="setup_Grid" is-config="true" duration-ms="7817" started-at="2019-07-31T05:49:29Z" finished-at="2019-07-31T05:49:37Z">
          <reporter-output>
          </reporter-output>
        </test-method> <!-- setup_Grid -->
        <test-method status="PASS" signature="initialize()[pri:0, instance:pack.AA_TN_TLP@63753b6d]" name="initialize" is-config="true" duration-ms="61" started-at="2019-07-31T05:49:37Z" finished-at="2019-07-31T05:49:37Z">
          <reporter-output>
          </reporter-output>
        </test-method> <!-- initialize -->
        <test-method status="PASS" signature="Loan_EncryptionKey_Void()[pri:0, instance:pack.AA_TN_TLP@63753b6d]" name="Loan_EncryptionKey_Void" duration-ms="144080" started-at="2019-07-31T05:49:37Z" finished-at="2019-07-31T05:52:01Z">
          <reporter-output>
          </reporter-output>
        </test-method> <!-- Loan_EncryptionKey_Void -->
        <test-method status="PASS" signature="getResult(org.testng.ITestResult)[pri:0, instance:pack.AA_TN_TLP@63753b6d]" name="getResult" is-config="true" duration-ms="175" started-at="2019-07-31T05:52:01Z" finished-at="2019-07-31T05:52:01Z">
          <params>
            <param index="0">
              <value>
                <![CDATA[[TestResult name=Loan_EncryptionKey_Void status=SUCCESS method=AA_TN_TLP.Loan_EncryptionKey_Void()[pri:0, instance:pack.AA_TN_TLP@63753b6d] output={null}]]]>
              </value>
            </param>
          </params>
          <reporter-output>
          </reporter-output>
        </test-method> <!-- getResult -->
        <test-method status="PASS" signature="tearDown()[pri:0, instance:pack.AA_TN_TLP@63753b6d]" name="tearDown" is-config="true" duration-ms="29" started-at="2019-07-31T05:52:01Z" finished-at="2019-07-31T05:52:01Z">
          <reporter-output>
          </reporter-output>
        </test-method> <!-- tearDown -->
        <test-method status="PASS" signature="Loan_AgestoreRescindDays_Rescind()[pri:1, instance:pack.AA_TN_TLP@63753b6d]" name="Loan_AgestoreRescindDays_Rescind" duration-ms="115739" started-at="2019-07-31T05:52:01Z" finished-at="2019-07-31T05:53:57Z">
          <reporter-output>
          </reporter-output>
        </test-method> <!-- Loan_AgestoreRescindDays_Rescind -->
        <test-method status="PASS" signature="getResult(org.testng.ITestResult)[pri:0, instance:pack.AA_TN_TLP@63753b6d]" name="getResult" is-config="true" duration-ms="29" started-at="2019-07-31T05:53:57Z" finished-at="2019-07-31T05:53:57Z">
          <params>
            <param index="0">
              <value>
                <![CDATA[[TestResult name=Loan_AgestoreRescindDays_Rescind status=SUCCESS method=AA_TN_TLP.Loan_AgestoreRescindDays_Rescind()[pri:1, instance:pack.AA_TN_TLP@63753b6d] output={null}]]]>
              </value>
            </param>
          </params>
          <reporter-output>
          </reporter-output>
        </test-method> <!-- getResult -->
        <test-method status="PASS" signature="tearDown()[pri:0, instance:pack.AA_TN_TLP@63753b6d]" name="tearDown" is-config="true" duration-ms="37" started-at="2019-07-31T05:53:57Z" finished-at="2019-07-31T05:53:57Z">
          <reporter-output>
          </reporter-output>
        </test-method> <!-- tearDown -->
        <test-method status="FAIL" signature="NewLoan_multiplel_disbursement_void()[pri:2, instance:pack.AA_TN_TLP@63753b6d]" name="NewLoan_multiplel_disbursement_void" duration-ms="112637" started-at="2019-07-31T05:53:57Z" finished-at="2019-07-31T05:55:49Z">
          <exception class="org.openqa.selenium.NoSuchElementException">
            <message>
              <![CDATA[Unable to find element with name == requestBean.titleNumber (WARNING: The server did not provide any stacktrace information)
Command duration or timeout: 0 milliseconds
For documentation on this error, please visit: http://seleniumhq.org/exceptions/no_such_element.html
Build info: version: '3.14.0', revision: 'aacccce0', time: '2018-08-02T20:19:58.91Z'
System info: host: 'QTLSYS2-139', ip: '192.168.2.139', os.name: 'Windows 7', os.arch: 'amd64', os.version: '6.1', java.version: '1.8.0_101'
Driver info: org.openqa.selenium.ie.InternetExplorerDriver
Capabilities {browserAttachTimeout: 0, browserName: internet explorer, cssSelectorsEnabled: true, elementScrollBehavior: 0, enableElementCacheCleanup: true, enablePersistentHover: true, handlesAlerts: true, ie.browserCommandLineSwitches: , ie.ensureCleanSession: false, ie.forceCreateProcessApi: false, ie.usePerProcessProxy: false, ignoreProtectedModeSettings: false, ignoreZoomSetting: false, initialBrowserUrl: http://localhost:16817/, javascriptEnabled: true, nativeEvents: true, platform: WINDOWS, platformName: WINDOWS, requireWindowFocus: false, takesScreenshot: true, unexpectedAlertBehaviour: dismiss, unhandledPromptBehavior: dismiss, version: 11}
Session ID: a2d8d2d7-cd31-4441-996f-d5ccb5d502cd
*** Element info: {Using=name, value=requestBean.titleNumber}]]>
            </message>
            <full-stacktrace>
              <![CDATA[org.openqa.selenium.NoSuchElementException: Unable to find element with name == requestBean.titleNumber (WARNING: The server did not provide any stacktrace information)
Command duration or timeout: 0 milliseconds
For documentation on this error, please visit: http://seleniumhq.org/exceptions/no_such_element.html
Build info: version: '3.14.0', revision: 'aacccce0', time: '2018-08-02T20:19:58.91Z'
System info: host: 'QTLSYS2-139', ip: '192.168.2.139', os.name: 'Windows 7', os.arch: 'amd64', os.version: '6.1', java.version: '1.8.0_101'
Driver info: org.openqa.selenium.ie.InternetExplorerDriver
Capabilities {browserAttachTimeout: 0, browserName: internet explorer, cssSelectorsEnabled: true, elementScrollBehavior: 0, enableElementCacheCleanup: true, enablePersistentHover: true, handlesAlerts: true, ie.browserCommandLineSwitches: , ie.ensureCleanSession: false, ie.forceCreateProcessApi: false, ie.usePerProcessProxy: false, ignoreProtectedModeSettings: false, ignoreZoomSetting: false, initialBrowserUrl: http://localhost:16817/, javascriptEnabled: true, nativeEvents: true, platform: WINDOWS, platformName: WINDOWS, requireWindowFocus: false, takesScreenshot: true, unexpectedAlertBehaviour: dismiss, unhandledPromptBehavior: dismiss, version: 11}
Session ID: a2d8d2d7-cd31-4441-996f-d5ccb5d502cd
*** Element info: {Using=name, value=requestBean.titleNumber}
at sun.reflect.NativeConstructorAccessorImpl.newInstance0(Native Method)
at sun.reflect.NativeConstructorAccessorImpl.newInstance(Unknown Source)
at sun.reflect.DelegatingConstructorAccessorImpl.newInstance(Unknown Source)
at java.lang.reflect.Constructor.newInstance(Unknown Source)
at org.openqa.selenium.remote.ErrorHandler.createThrowable(ErrorHandler.java:214)
at org.openqa.selenium.remote.ErrorHandler.throwIfResponseFailed(ErrorHandler.java:166)
at org.openqa.selenium.remote.http.JsonHttpResponseCodec.reconstructValue(JsonHttpResponseCodec.java:40)
at org.openqa.selenium.remote.http.AbstractHttpResponseCodec.decode(AbstractHttpResponseCodec.java:80)
at org.openqa.selenium.remote.http.AbstractHttpResponseCodec.decode(AbstractHttpResponseCodec.java:44)
at org.openqa.selenium.remote.HttpCommandExecutor.execute(HttpCommandExecutor.java:158)
at org.openqa.selenium.remote.service.DriverCommandExecutor.execute(DriverCommandExecutor.java:83)
at org.openqa.selenium.remote.RemoteWebDriver.execute(RemoteWebDriver.java:548)
at org.openqa.selenium.remote.RemoteWebDriver.findElement(RemoteWebDriver.java:322)
at org.openqa.selenium.remote.RemoteWebDriver.findElementByName(RemoteWebDriver.java:400)
at org.openqa.selenium.By$ByName.findElement(By.java:284)
at org.openqa.selenium.remote.RemoteWebDriver.findElement(RemoteWebDriver.java:314)
at pack.NewLoan_MultipulDisbtypes.NewLoan_MultipulDisbtypes(NewLoan_MultipulDisbtypes.java:243)
at pack.AA_TN_TLP.NewLoan_multiplel_disbursement_void(AA_TN_TLP.java:216)
at sun.reflect.NativeMethodAccessorImpl.invoke0(Native Method)
at sun.reflect.NativeMethodAccessorImpl.invoke(Unknown Source)
at sun.reflect.DelegatingMethodAccessorImpl.invoke(Unknown Source)
at java.lang.reflect.Method.invoke(Unknown Source)
at org.testng.internal.MethodInvocationHelper.invokeMethod(MethodInvocationHelper.java:124)
at org.testng.internal.Invoker.invokeMethod(Invoker.java:583)
at org.testng.internal.Invoker.invokeTestMethod(Invoker.java:719)
at org.testng.internal.Invoker.invokeTestMethods(Invoker.java:989)
at org.testng.internal.TestMethodWorker.invokeTestMethods(TestMethodWorker.java:125)
at org.testng.internal.TestMethodWorker.run(TestMethodWorker.java:109)
at org.testng.TestRunner.privateRun(TestRunner.java:648)
at org.testng.TestRunner.run(TestRunner.java:505)
at org.testng.SuiteRunner.runTest(SuiteRunner.java:455)
at org.testng.SuiteRunner.runSequentially(SuiteRunner.java:450)
at org.testng.SuiteRunner.privateRun(SuiteRunner.java:415)
at org.testng.SuiteRunner.run(SuiteRunner.java:364)
at org.testng.SuiteRunnerWorker.runSuite(SuiteRunnerWorker.java:52)
at org.testng.SuiteRunnerWorker.run(SuiteRunnerWorker.java:84)
at org.testng.TestNG.runSuitesSequentially(TestNG.java:1208)
at org.testng.TestNG.runSuitesLocally(TestNG.java:1137)
at org.testng.TestNG.runSuites(TestNG.java:1049)
at org.testng.TestNG.run(TestNG.java:1017)
at org.testng.remote.AbstractRemoteTestNG.run(AbstractRemoteTestNG.java:114)
at org.testng.remote.RemoteTestNG.initAndRun(RemoteTestNG.java:251)
at org.testng.remote.RemoteTestNG.main(RemoteTestNG.java:77)
]]>
            </full-stacktrace>
          </exception> <!-- org.openqa.selenium.NoSuchElementException -->
          <reporter-output>
          </reporter-output>
        </test-method> <!-- NewLoan_multiplel_disbursement_void -->
        <test-method status="PASS" signature="getResult(org.testng.ITestResult)[pri:0, instance:pack.AA_TN_TLP@63753b6d]" name="getResult" is-config="true" duration-ms="265" started-at="2019-07-31T05:55:49Z" finished-at="2019-07-31T05:55:50Z">
          <params>
            <param index="0">
              <value>
                <![CDATA[[TestResult name=NewLoan_multiplel_disbursement_void status=FAILURE method=AA_TN_TLP.NewLoan_multiplel_disbursement_void()[pri:2, instance:pack.AA_TN_TLP@63753b6d] output={null}]]]>
              </value>
            </param>
          </params>
          <reporter-output>
          </reporter-output>
        </test-method> <!-- getResult -->
        <test-method status="PASS" signature="tearDown()[pri:0, instance:pack.AA_TN_TLP@63753b6d]" name="tearDown" is-config="true" duration-ms="19" started-at="2019-07-31T05:55:50Z" finished-at="2019-07-31T05:55:50Z">
          <reporter-output>
          </reporter-output>
        </test-method> <!-- tearDown -->
        <test-method status="PASS" signature="NewLoan_Paymenttoapportinateprinciple_Void_Cancelreschudle()[pri:3, instance:pack.AA_TN_TLP@63753b6d]" name="NewLoan_Paymenttoapportinateprinciple_Void_Cancelreschudle" duration-ms="261197" started-at="2019-07-31T05:55:50Z" finished-at="2019-07-31T06:00:11Z">
          <reporter-output>
          </reporter-output>
        </test-method> <!-- NewLoan_Paymenttoapportinateprinciple_Void_Cancelreschudle -->
        <test-method status="PASS" signature="getResult(org.testng.ITestResult)[pri:0, instance:pack.AA_TN_TLP@63753b6d]" name="getResult" is-config="true" duration-ms="21" started-at="2019-07-31T06:00:11Z" finished-at="2019-07-31T06:00:11Z">
          <params>
            <param index="0">
              <value>
                <![CDATA[[TestResult name=NewLoan_Paymenttoapportinateprinciple_Void_Cancelreschudle status=SUCCESS method=AA_TN_TLP.NewLoan_Paymenttoapportinateprinciple_Void_Cancelreschudle()[pri:3, instance:pack.AA_TN_TLP@63753b6d] output={null}]]]>
              </value>
            </param>
          </params>
          <reporter-output>
          </reporter-output>
        </test-method> <!-- getResult -->
        <test-method status="PASS" signature="tearDown()[pri:0, instance:pack.AA_TN_TLP@63753b6d]" name="tearDown" is-config="true" duration-ms="20" started-at="2019-07-31T06:00:11Z" finished-at="2019-07-31T06:00:11Z">
          <reporter-output>
          </reporter-output>
        </test-method> <!-- tearDown -->
        <test-method status="PASS" signature="TwoLoansameVIN_OneLoanDefault_OutofReposhouldnotpostotherLoan()[pri:4, instance:pack.AA_TN_TLP@63753b6d]" name="TwoLoansameVIN_OneLoanDefault_OutofReposhouldnotpostotherLoan" duration-ms="563667" started-at="2019-07-31T06:00:11Z" finished-at="2019-07-31T06:09:35Z">
          <reporter-output>
          </reporter-output>
        </test-method> <!-- TwoLoansameVIN_OneLoanDefault_OutofReposhouldnotpostotherLoan -->
        <test-method status="PASS" signature="getResult(org.testng.ITestResult)[pri:0, instance:pack.AA_TN_TLP@63753b6d]" name="getResult" is-config="true" duration-ms="30" started-at="2019-07-31T06:09:35Z" finished-at="2019-07-31T06:09:35Z">
          <params>
            <param index="0">
              <value>
                <![CDATA[[TestResult name=TwoLoansameVIN_OneLoanDefault_OutofReposhouldnotpostotherLoan status=SUCCESS method=AA_TN_TLP.TwoLoansameVIN_OneLoanDefault_OutofReposhouldnotpostotherLoan()[pri:4, instance:pack.AA_TN_TLP@63753b6d] output={null}]]]>
              </value>
            </param>
          </params>
          <reporter-output>
          </reporter-output>
        </test-method> <!-- getResult -->
        <test-method status="PASS" signature="tearDown()[pri:0, instance:pack.AA_TN_TLP@63753b6d]" name="tearDown" is-config="true" duration-ms="27" started-at="2019-07-31T06:09:35Z" finished-at="2019-07-31T06:09:35Z">
          <reporter-output>
          </reporter-output>
        </test-method> <!-- tearDown -->
        <test-method status="PASS" signature="TwoLoansameVIN_OneDefault_Repossession_RepossessionshouldposttwoLoans()[pri:5, instance:pack.AA_TN_TLP@63753b6d]" name="TwoLoansameVIN_OneDefault_Repossession_RepossessionshouldposttwoLoans" duration-ms="583002" started-at="2019-07-31T06:09:35Z" finished-at="2019-07-31T06:19:18Z">
          <reporter-output>
          </reporter-output>
        </test-method> <!-- TwoLoansameVIN_OneDefault_Repossession_RepossessionshouldposttwoLoans -->
        <test-method status="PASS" signature="getResult(org.testng.ITestResult)[pri:0, instance:pack.AA_TN_TLP@63753b6d]" name="getResult" is-config="true" duration-ms="27" started-at="2019-07-31T06:19:18Z" finished-at="2019-07-31T06:19:18Z">
          <params>
            <param index="0">
              <value>
                <![CDATA[[TestResult name=TwoLoansameVIN_OneDefault_Repossession_RepossessionshouldposttwoLoans status=SUCCESS method=AA_TN_TLP.TwoLoansameVIN_OneDefault_Repossession_RepossessionshouldposttwoLoans()[pri:5, instance:pack.AA_TN_TLP@63753b6d] output={null}]]]>
              </value>
            </param>
          </params>
          <reporter-output>
          </reporter-output>
        </test-method> <!-- getResult -->
        <test-method status="PASS" signature="tearDown()[pri:0, instance:pack.AA_TN_TLP@63753b6d]" name="tearDown" is-config="true" duration-ms="27" started-at="2019-07-31T06:19:18Z" finished-at="2019-07-31T06:19:18Z">
          <reporter-output>
          </reporter-output>
        </test-method> <!-- tearDown -->
        <test-method status="FAIL" signature="TwoLoansameVIN_Default_Repossion_repoPaymentmoreAmount_ShouldnoteffectotherLoan()[pri:6, instance:pack.AA_TN_TLP@63753b6d]" name="TwoLoansameVIN_Default_Repossion_repoPaymentmoreAmount_ShouldnoteffectotherLoan" duration-ms="614241" started-at="2019-07-31T06:19:18Z" finished-at="2019-07-31T06:29:32Z">
          <exception class="org.openqa.selenium.UnhandledAlertException">
            <message>
              <![CDATA[Modal dialog present: Repossession date may not be in future.
Build info: version: '3.14.0', revision: 'aacccce0', time: '2018-08-02T20:19:58.91Z'
System info: host: 'QTLSYS2-139', ip: '192.168.2.139', os.name: 'Windows 7', os.arch: 'amd64', os.version: '6.1', java.version: '1.8.0_101'
Driver info: org.openqa.selenium.ie.InternetExplorerDriver
Capabilities {browserAttachTimeout: 0, browserName: internet explorer, cssSelectorsEnabled: true, elementScrollBehavior: 0, enableElementCacheCleanup: true, enablePersistentHover: true, handlesAlerts: true, ie.browserCommandLineSwitches: , ie.ensureCleanSession: false, ie.forceCreateProcessApi: false, ie.usePerProcessProxy: false, ignoreProtectedModeSettings: false, ignoreZoomSetting: false, initialBrowserUrl: http://localhost:31183/, javascriptEnabled: true, nativeEvents: true, platform: WINDOWS, platformName: WINDOWS, requireWindowFocus: false, takesScreenshot: true, unexpectedAlertBehaviour: dismiss, unhandledPromptBehavior: dismiss, version: 11}
Session ID: c92411f2-14af-4e1f-9797-cfbc0f9f783a]]>
            </message>
            <full-stacktrace>
              <![CDATA[org.openqa.selenium.UnhandledAlertException: Modal dialog present: Repossession date may not be in future.
Build info: version: '3.14.0', revision: 'aacccce0', time: '2018-08-02T20:19:58.91Z'
System info: host: 'QTLSYS2-139', ip: '192.168.2.139', os.name: 'Windows 7', os.arch: 'amd64', os.version: '6.1', java.version: '1.8.0_101'
Driver info: org.openqa.selenium.ie.InternetExplorerDriver
Capabilities {browserAttachTimeout: 0, browserName: internet explorer, cssSelectorsEnabled: true, elementScrollBehavior: 0, enableElementCacheCleanup: true, enablePersistentHover: true, handlesAlerts: true, ie.browserCommandLineSwitches: , ie.ensureCleanSession: false, ie.forceCreateProcessApi: false, ie.usePerProcessProxy: false, ignoreProtectedModeSettings: false, ignoreZoomSetting: false, initialBrowserUrl: http://localhost:31183/, javascriptEnabled: true, nativeEvents: true, platform: WINDOWS, platformName: WINDOWS, requireWindowFocus: false, takesScreenshot: true, unexpectedAlertBehaviour: dismiss, unhandledPromptBehavior: dismiss, version: 11}
Session ID: c92411f2-14af-4e1f-9797-cfbc0f9f783a
at sun.reflect.NativeConstructorAccessorImpl.newInstance0(Native Method)
at sun.reflect.NativeConstructorAccessorImpl.newInstance(Unknown Source)
at sun.reflect.DelegatingConstructorAccessorImpl.newInstance(Unknown Source)
at java.lang.reflect.Constructor.newInstance(Unknown Source)
at org.openqa.selenium.remote.ErrorHandler.createThrowable(ErrorHandler.java:214)
at org.openqa.selenium.remote.ErrorHandler.createUnhandledAlertException(ErrorHandler.java:195)
at org.openqa.selenium.remote.ErrorHandler.throwIfResponseFailed(ErrorHandler.java:156)
at org.openqa.selenium.remote.http.JsonHttpResponseCodec.reconstructValue(JsonHttpResponseCodec.java:40)
at org.openqa.selenium.remote.http.AbstractHttpResponseCodec.decode(AbstractHttpResponseCodec.java:80)
at org.openqa.selenium.remote.http.AbstractHttpResponseCodec.decode(AbstractHttpResponseCodec.java:44)
at org.openqa.selenium.remote.HttpCommandExecutor.execute(HttpCommandExecutor.java:158)
at org.openqa.selenium.remote.service.DriverCommandExecutor.execute(DriverCommandExecutor.java:83)
at org.openqa.selenium.remote.RemoteWebDriver.execute(RemoteWebDriver.java:548)
at org.openqa.selenium.remote.RemoteWebDriver$RemoteTargetLocator.defaultContent(RemoteWebDriver.java:918)
at pack.Repossession.Repossession(Repossession.java:330)
at pack.AA_TN_TLP.TwoLoansameVIN_Default_Repossion_repoPaymentmoreAmount_ShouldnoteffectotherLoan(AA_TN_TLP.java:484)
at sun.reflect.NativeMethodAccessorImpl.invoke0(Native Method)
at sun.reflect.NativeMethodAccessorImpl.invoke(Unknown Source)
at sun.reflect.DelegatingMethodAccessorImpl.invoke(Unknown Source)
at java.lang.reflect.Method.invoke(Unknown Source)
at org.testng.internal.MethodInvocationHelper.invokeMethod(MethodInvocationHelper.java:124)
at org.testng.internal.Invoker.invokeMethod(Invoker.java:583)
at org.testng.internal.Invoker.invokeTestMethod(Invoker.java:719)
at org.testng.internal.Invoker.invokeTestMethods(Invoker.java:989)
at org.testng.internal.TestMethodWorker.invokeTestMethods(TestMethodWorker.java:125)
at org.testng.internal.TestMethodWorker.run(TestMethodWorker.java:109)
at org.testng.TestRunner.privateRun(TestRunner.java:648)
at org.testng.TestRunner.run(TestRunner.java:505)
at org.testng.SuiteRunner.runTest(SuiteRunner.java:455)
at org.testng.SuiteRunner.runSequentially(SuiteRunner.java:450)
at org.testng.SuiteRunner.privateRun(SuiteRunner.java:415)
at org.testng.SuiteRunner.run(SuiteRunner.java:364)
at org.testng.SuiteRunnerWorker.runSuite(SuiteRunnerWorker.java:52)
at org.testng.SuiteRunnerWorker.run(SuiteRunnerWorker.java:84)
at org.testng.TestNG.runSuitesSequentially(TestNG.java:1208)
at org.testng.TestNG.runSuitesLocally(TestNG.java:1137)
at org.testng.TestNG.runSuites(TestNG.java:1049)
at org.testng.TestNG.run(TestNG.java:1017)
at org.testng.remote.AbstractRemoteTestNG.run(AbstractRemoteTestNG.java:114)
at org.testng.remote.RemoteTestNG.initAndRun(RemoteTestNG.java:251)
at org.testng.remote.RemoteTestNG.main(RemoteTestNG.java:77)
]]>
            </full-stacktrace>
          </exception> <!-- org.openqa.selenium.UnhandledAlertException -->
          <reporter-output>
          </reporter-output>
        </test-method> <!-- TwoLoansameVIN_Default_Repossion_repoPaymentmoreAmount_ShouldnoteffectotherLoan -->
        <test-method status="PASS" signature="getResult(org.testng.ITestResult)[pri:0, instance:pack.AA_TN_TLP@63753b6d]" name="getResult" is-config="true" duration-ms="4644" started-at="2019-07-31T06:29:32Z" finished-at="2019-07-31T06:29:37Z">
          <params>
            <param index="0">
              <value>
                <![CDATA[[TestResult name=TwoLoansameVIN_Default_Repossion_repoPaymentmoreAmount_ShouldnoteffectotherLoan status=FAILURE method=AA_TN_TLP.TwoLoansameVIN_Default_Repossion_repoPaymentmoreAmount_ShouldnoteffectotherLoan()[pri:6, instance:pack.AA_TN_TLP@63753b6d] output={null}]]]>
              </value>
            </param>
          </params>
          <reporter-output>
          </reporter-output>
        </test-method> <!-- getResult -->
        <test-method status="PASS" signature="tearDown()[pri:0, instance:pack.AA_TN_TLP@63753b6d]" name="tearDown" is-config="true" duration-ms="25" started-at="2019-07-31T06:29:37Z" finished-at="2019-07-31T06:29:37Z">
          <reporter-output>
          </reporter-output>
        </test-method> <!-- tearDown -->
        <test-method status="FAIL" signature="TwoLoansonsameVin_Default_Repossession_OneLoanAcution_ShouldnoteffectotherLoan()[pri:7, instance:pack.AA_TN_TLP@63753b6d]" name="TwoLoansonsameVin_Default_Repossession_OneLoanAcution_ShouldnoteffectotherLoan" duration-ms="541258" started-at="2019-07-31T06:29:37Z" finished-at="2019-07-31T06:38:38Z">
          <exception class="org.openqa.selenium.NoSuchWindowException">
            <message>
              <![CDATA[Unable to get browser (WARNING: The server did not provide any stacktrace information)
Command duration or timeout: 0 milliseconds
Build info: version: '3.14.0', revision: 'aacccce0', time: '2018-08-02T20:19:58.91Z'
System info: host: 'QTLSYS2-139', ip: '192.168.2.139', os.name: 'Windows 7', os.arch: 'amd64', os.version: '6.1', java.version: '1.8.0_101'
Driver info: org.openqa.selenium.ie.InternetExplorerDriver
Capabilities {browserAttachTimeout: 0, browserName: internet explorer, cssSelectorsEnabled: true, elementScrollBehavior: 0, enableElementCacheCleanup: true, enablePersistentHover: true, handlesAlerts: true, ie.browserCommandLineSwitches: , ie.ensureCleanSession: false, ie.forceCreateProcessApi: false, ie.usePerProcessProxy: false, ignoreProtectedModeSettings: false, ignoreZoomSetting: false, initialBrowserUrl: http://localhost:33260/, javascriptEnabled: true, nativeEvents: true, platform: WINDOWS, platformName: WINDOWS, requireWindowFocus: false, takesScreenshot: true, unexpectedAlertBehaviour: dismiss, unhandledPromptBehavior: dismiss, version: 11}
Session ID: 06387d3e-78c1-46b4-a21a-d3117b7841d3]]>
            </message>
            <full-stacktrace>
              <![CDATA[org.openqa.selenium.NoSuchWindowException: Unable to get browser (WARNING: The server did not provide any stacktrace information)
Command duration or timeout: 0 milliseconds
Build info: version: '3.14.0', revision: 'aacccce0', time: '2018-08-02T20:19:58.91Z'
System info: host: 'QTLSYS2-139', ip: '192.168.2.139', os.name: 'Windows 7', os.arch: 'amd64', os.version: '6.1', java.version: '1.8.0_101'
Driver info: org.openqa.selenium.ie.InternetExplorerDriver
Capabilities {browserAttachTimeout: 0, browserName: internet explorer, cssSelectorsEnabled: true, elementScrollBehavior: 0, enableElementCacheCleanup: true, enablePersistentHover: true, handlesAlerts: true, ie.browserCommandLineSwitches: , ie.ensureCleanSession: false, ie.forceCreateProcessApi: false, ie.usePerProcessProxy: false, ignoreProtectedModeSettings: false, ignoreZoomSetting: false, initialBrowserUrl: http://localhost:33260/, javascriptEnabled: true, nativeEvents: true, platform: WINDOWS, platformName: WINDOWS, requireWindowFocus: false, takesScreenshot: true, unexpectedAlertBehaviour: dismiss, unhandledPromptBehavior: dismiss, version: 11}
Session ID: 06387d3e-78c1-46b4-a21a-d3117b7841d3
at sun.reflect.NativeConstructorAccessorImpl.newInstance0(Native Method)
at sun.reflect.NativeConstructorAccessorImpl.newInstance(Unknown Source)
at sun.reflect.DelegatingConstructorAccessorImpl.newInstance(Unknown Source)
at java.lang.reflect.Constructor.newInstance(Unknown Source)
at org.openqa.selenium.remote.ErrorHandler.createThrowable(ErrorHandler.java:214)
at org.openqa.selenium.remote.ErrorHandler.throwIfResponseFailed(ErrorHandler.java:166)
at org.openqa.selenium.remote.http.JsonHttpResponseCodec.reconstructValue(JsonHttpResponseCodec.java:40)
at org.openqa.selenium.remote.http.AbstractHttpResponseCodec.decode(AbstractHttpResponseCodec.java:80)
at org.openqa.selenium.remote.http.AbstractHttpResponseCodec.decode(AbstractHttpResponseCodec.java:44)
at org.openqa.selenium.remote.HttpCommandExecutor.execute(HttpCommandExecutor.java:158)
at org.openqa.selenium.remote.service.DriverCommandExecutor.execute(DriverCommandExecutor.java:83)
at org.openqa.selenium.remote.RemoteWebDriver.execute(RemoteWebDriver.java:548)
at org.openqa.selenium.remote.RemoteWebDriver$RemoteTargetLocator.defaultContent(RemoteWebDriver.java:918)
at pack.OutToRepo.OutToRepo(OutToRepo.java:254)
at pack.AA_TN_TLP.TwoLoansonsameVin_Default_Repossession_OneLoanAcution_ShouldnoteffectotherLoan(AA_TN_TLP.java:558)
at sun.reflect.NativeMethodAccessorImpl.invoke0(Native Method)
at sun.reflect.NativeMethodAccessorImpl.invoke(Unknown Source)
at sun.reflect.DelegatingMethodAccessorImpl.invoke(Unknown Source)
at java.lang.reflect.Method.invoke(Unknown Source)
at org.testng.internal.MethodInvocationHelper.invokeMethod(MethodInvocationHelper.java:124)
at org.testng.internal.Invoker.invokeMethod(Invoker.java:583)
at org.testng.internal.Invoker.invokeTestMethod(Invoker.java:719)
at org.testng.internal.Invoker.invokeTestMethods(Invoker.java:989)
at org.testng.internal.TestMethodWorker.invokeTestMethods(TestMethodWorker.java:125)
at org.testng.internal.TestMethodWorker.run(TestMethodWorker.java:109)
at org.testng.TestRunner.privateRun(TestRunner.java:648)
at org.testng.TestRunner.run(TestRunner.java:505)
at org.testng.SuiteRunner.runTest(SuiteRunner.java:455)
at org.testng.SuiteRunner.runSequentially(SuiteRunner.java:450)
at org.testng.SuiteRunner.privateRun(SuiteRunner.java:415)
at org.testng.SuiteRunner.run(SuiteRunner.java:364)
at org.testng.SuiteRunnerWorker.runSuite(SuiteRunnerWorker.java:52)
at org.testng.SuiteRunnerWorker.run(SuiteRunnerWorker.java:84)
at org.testng.TestNG.runSuitesSequentially(TestNG.java:1208)
at org.testng.TestNG.runSuitesLocally(TestNG.java:1137)
at org.testng.TestNG.runSuites(TestNG.java:1049)
at org.testng.TestNG.run(TestNG.java:1017)
at org.testng.remote.AbstractRemoteTestNG.run(AbstractRemoteTestNG.java:114)
at org.testng.remote.RemoteTestNG.initAndRun(RemoteTestNG.java:251)
at org.testng.remote.RemoteTestNG.main(RemoteTestNG.java:77)
]]>
            </full-stacktrace>
          </exception> <!-- org.openqa.selenium.NoSuchWindowException -->
          <reporter-output>
          </reporter-output>
        </test-method> <!-- TwoLoansonsameVin_Default_Repossession_OneLoanAcution_ShouldnoteffectotherLoan -->
        <test-method status="FAIL" signature="getResult(org.testng.ITestResult)[pri:0, instance:pack.AA_TN_TLP@63753b6d]" name="getResult" is-config="true" duration-ms="7" started-at="2019-07-31T06:38:38Z" finished-at="2019-07-31T06:38:38Z">
          <params>
            <param index="0">
              <value>
                <![CDATA[[TestResult name=TwoLoansonsameVin_Default_Repossession_OneLoanAcution_ShouldnoteffectotherLoan status=FAILURE method=AA_TN_TLP.TwoLoansonsameVin_Default_Repossession_OneLoanAcution_ShouldnoteffectotherLoan()[pri:7, instance:pack.AA_TN_TLP@63753b6d] output={null}]]]>
              </value>
            </param>
          </params>
          <exception class="org.openqa.selenium.NoSuchWindowException">
            <message>
              <![CDATA[Unable to get browser (WARNING: The server did not provide any stacktrace information)
Command duration or timeout: 0 milliseconds
Build info: version: '3.14.0', revision: 'aacccce0', time: '2018-08-02T20:19:58.91Z'
System info: host: 'QTLSYS2-139', ip: '192.168.2.139', os.name: 'Windows 7', os.arch: 'amd64', os.version: '6.1', java.version: '1.8.0_101'
Driver info: org.openqa.selenium.ie.InternetExplorerDriver
Capabilities {browserAttachTimeout: 0, browserName: internet explorer, cssSelectorsEnabled: true, elementScrollBehavior: 0, enableElementCacheCleanup: true, enablePersistentHover: true, handlesAlerts: true, ie.browserCommandLineSwitches: , ie.ensureCleanSession: false, ie.forceCreateProcessApi: false, ie.usePerProcessProxy: false, ignoreProtectedModeSettings: false, ignoreZoomSetting: false, initialBrowserUrl: http://localhost:33260/, javascriptEnabled: true, nativeEvents: true, platform: WINDOWS, platformName: WINDOWS, requireWindowFocus: false, takesScreenshot: true, unexpectedAlertBehaviour: dismiss, unhandledPromptBehavior: dismiss, version: 11}
Session ID: 06387d3e-78c1-46b4-a21a-d3117b7841d3]]>
            </message>
            <full-stacktrace>
              <![CDATA[org.openqa.selenium.NoSuchWindowException: Unable to get browser (WARNING: The server did not provide any stacktrace information)
Command duration or timeout: 0 milliseconds
Build info: version: '3.14.0', revision: 'aacccce0', time: '2018-08-02T20:19:58.91Z'
System info: host: 'QTLSYS2-139', ip: '192.168.2.139', os.name: 'Windows 7', os.arch: 'amd64', os.version: '6.1', java.version: '1.8.0_101'
Driver info: org.openqa.selenium.ie.InternetExplorerDriver
Capabilities {browserAttachTimeout: 0, browserName: internet explorer, cssSelectorsEnabled: true, elementScrollBehavior: 0, enableElementCacheCleanup: true, enablePersistentHover: true, handlesAlerts: true, ie.browserCommandLineSwitches: , ie.ensureCleanSession: false, ie.forceCreateProcessApi: false, ie.usePerProcessProxy: false, ignoreProtectedModeSettings: false, ignoreZoomSetting: false, initialBrowserUrl: http://localhost:33260/, javascriptEnabled: true, nativeEvents: true, platform: WINDOWS, platformName: WINDOWS, requireWindowFocus: false, takesScreenshot: true, unexpectedAlertBehaviour: dismiss, unhandledPromptBehavior: dismiss, version: 11}
Session ID: 06387d3e-78c1-46b4-a21a-d3117b7841d3
at sun.reflect.NativeConstructorAccessorImpl.newInstance0(Native Method)
at sun.reflect.NativeConstructorAccessorImpl.newInstance(Unknown Source)
at sun.reflect.DelegatingConstructorAccessorImpl.newInstance(Unknown Source)
at java.lang.reflect.Constructor.newInstance(Unknown Source)
at org.openqa.selenium.remote.ErrorHandler.createThrowable(ErrorHandler.java:214)
at org.openqa.selenium.remote.ErrorHandler.throwIfResponseFailed(ErrorHandler.java:166)
at org.openqa.selenium.remote.http.JsonHttpResponseCodec.reconstructValue(JsonHttpResponseCodec.java:40)
at org.openqa.selenium.remote.http.AbstractHttpResponseCodec.decode(AbstractHttpResponseCodec.java:80)
at org.openqa.selenium.remote.http.AbstractHttpResponseCodec.decode(AbstractHttpResponseCodec.java:44)
at org.openqa.selenium.remote.HttpCommandExecutor.execute(HttpCommandExecutor.java:158)
at org.openqa.selenium.remote.service.DriverCommandExecutor.execute(DriverCommandExecutor.java:83)
at org.openqa.selenium.remote.RemoteWebDriver.execute(RemoteWebDriver.java:548)
at org.openqa.selenium.remote.RemoteWebDriver.execute(RemoteWebDriver.java:605)
at org.openqa.selenium.remote.RemoteWebDriver.getScreenshotAs(RemoteWebDriver.java:294)
at pack.AA_TN_TLP.getScreenhot(AA_TN_TLP.java:2679)
at pack.AA_TN_TLP.getResult(AA_TN_TLP.java:2660)
at sun.reflect.NativeMethodAccessorImpl.invoke0(Native Method)
at sun.reflect.NativeMethodAccessorImpl.invoke(Unknown Source)
at sun.reflect.DelegatingMethodAccessorImpl.invoke(Unknown Source)
at java.lang.reflect.Method.invoke(Unknown Source)
at org.testng.internal.MethodInvocationHelper.invokeMethod(MethodInvocationHelper.java:124)
at org.testng.internal.MethodInvocationHelper.invokeMethodConsideringTimeout(MethodInvocationHelper.java:59)
at org.testng.internal.Invoker.invokeConfigurationMethod(Invoker.java:458)
at org.testng.internal.Invoker.invokeConfigurations(Invoker.java:222)
at org.testng.internal.Invoker.invokeMethod(Invoker.java:646)
at org.testng.internal.Invoker.invokeTestMethod(Invoker.java:719)
at org.testng.internal.Invoker.invokeTestMethods(Invoker.java:989)
at org.testng.internal.TestMethodWorker.invokeTestMethods(TestMethodWorker.java:125)
at org.testng.internal.TestMethodWorker.run(TestMethodWorker.java:109)
at org.testng.TestRunner.privateRun(TestRunner.java:648)
at org.testng.TestRunner.run(TestRunner.java:505)
at org.testng.SuiteRunner.runTest(SuiteRunner.java:455)
at org.testng.SuiteRunner.runSequentially(SuiteRunner.java:450)
at org.testng.SuiteRunner.privateRun(SuiteRunner.java:415)
at org.testng.SuiteRunner.run(SuiteRunner.java:364)
at org.testng.SuiteRunnerWorker.runSuite(SuiteRunnerWorker.java:52)
at org.testng.SuiteRunnerWorker.run(SuiteRunnerWorker.java:84)
at org.testng.TestNG.runSuitesSequentially(TestNG.java:1208)
at org.testng.TestNG.runSuitesLocally(TestNG.java:1137)
at org.testng.TestNG.runSuites(TestNG.java:1049)
at org.testng.TestNG.run(TestNG.java:1017)
at org.testng.remote.AbstractRemoteTestNG.run(AbstractRemoteTestNG.java:114)
at org.testng.remote.RemoteTestNG.initAndRun(RemoteTestNG.java:251)
at org.testng.remote.RemoteTestNG.main(RemoteTestNG.java:77)
]]>
            </full-stacktrace>
          </exception> <!-- org.openqa.selenium.NoSuchWindowException -->
          <reporter-output>
          </reporter-output>
        </test-method> <!-- getResult -->
        <test-method status="SKIP" signature="tearDown()[pri:0, instance:pack.AA_TN_TLP@63753b6d]" name="tearDown" is-config="true" duration-ms="0" started-at="2019-07-31T06:38:38Z" finished-at="2019-07-31T06:38:38Z">
          <reporter-output>
          </reporter-output>
        </test-method> <!-- tearDown -->
        <test-method status="SKIP" signature="TwoLoansonsameVin_Default_saleLessAmount_RemainingAmountShouldbwaived()[pri:8, instance:pack.AA_TN_TLP@63753b6d]" name="TwoLoansonsameVin_Default_saleLessAmount_RemainingAmountShouldbwaived" duration-ms="0" started-at="2019-07-31T06:38:38Z" finished-at="2019-07-31T06:38:38Z">
          <exception class="org.openqa.selenium.NoSuchWindowException">
            <message>
              <![CDATA[Unable to get browser (WARNING: The server did not provide any stacktrace information)
Command duration or timeout: 0 milliseconds
Build info: version: '3.14.0', revision: 'aacccce0', time: '2018-08-02T20:19:58.91Z'
System info: host: 'QTLSYS2-139', ip: '192.168.2.139', os.name: 'Windows 7', os.arch: 'amd64', os.version: '6.1', java.version: '1.8.0_101'
Driver info: org.openqa.selenium.ie.InternetExplorerDriver
Capabilities {browserAttachTimeout: 0, browserName: internet explorer, cssSelectorsEnabled: true, elementScrollBehavior: 0, enableElementCacheCleanup: true, enablePersistentHover: true, handlesAlerts: true, ie.browserCommandLineSwitches: , ie.ensureCleanSession: false, ie.forceCreateProcessApi: false, ie.usePerProcessProxy: false, ignoreProtectedModeSettings: false, ignoreZoomSetting: false, initialBrowserUrl: http://localhost:33260/, javascriptEnabled: true, nativeEvents: true, platform: WINDOWS, platformName: WINDOWS, requireWindowFocus: false, takesScreenshot: true, unexpectedAlertBehaviour: dismiss, unhandledPromptBehavior: dismiss, version: 11}
Session ID: 06387d3e-78c1-46b4-a21a-d3117b7841d3]]>
            </message>
            <full-stacktrace>
              <![CDATA[org.openqa.selenium.NoSuchWindowException: Unable to get browser (WARNING: The server did not provide any stacktrace information)
Command duration or timeout: 0 milliseconds
Build info: version: '3.14.0', revision: 'aacccce0', time: '2018-08-02T20:19:58.91Z'
System info: host: 'QTLSYS2-139', ip: '192.168.2.139', os.name: 'Windows 7', os.arch: 'amd64', os.version: '6.1', java.version: '1.8.0_101'
Driver info: org.openqa.selenium.ie.InternetExplorerDriver
Capabilities {browserAttachTimeout: 0, browserName: internet explorer, cssSelectorsEnabled: true, elementScrollBehavior: 0, enableElementCacheCleanup: true, enablePersistentHover: true, handlesAlerts: true, ie.browserCommandLineSwitches: , ie.ensureCleanSession: false, ie.forceCreateProcessApi: false, ie.usePerProcessProxy: false, ignoreProtectedModeSettings: false, ignoreZoomSetting: false, initialBrowserUrl: http://localhost:33260/, javascriptEnabled: true, nativeEvents: true, platform: WINDOWS, platformName: WINDOWS, requireWindowFocus: false, takesScreenshot: true, unexpectedAlertBehaviour: dismiss, unhandledPromptBehavior: dismiss, version: 11}
Session ID: 06387d3e-78c1-46b4-a21a-d3117b7841d3
at sun.reflect.NativeConstructorAccessorImpl.newInstance0(Native Method)
at sun.reflect.NativeConstructorAccessorImpl.newInstance(Unknown Source)
at sun.reflect.DelegatingConstructorAccessorImpl.newInstance(Unknown Source)
at java.lang.reflect.Constructor.newInstance(Unknown Source)
at org.openqa.selenium.remote.ErrorHandler.createThrowable(ErrorHandler.java:214)
at org.openqa.selenium.remote.ErrorHandler.throwIfResponseFailed(ErrorHandler.java:166)
at org.openqa.selenium.remote.http.JsonHttpResponseCodec.reconstructValue(JsonHttpResponseCodec.java:40)
at org.openqa.selenium.remote.http.AbstractHttpResponseCodec.decode(AbstractHttpResponseCodec.java:80)
at org.openqa.selenium.remote.http.AbstractHttpResponseCodec.decode(AbstractHttpResponseCodec.java:44)
at org.openqa.selenium.remote.HttpCommandExecutor.execute(HttpCommandExecutor.java:158)
at org.openqa.selenium.remote.service.DriverCommandExecutor.execute(DriverCommandExecutor.java:83)
at org.openqa.selenium.remote.RemoteWebDriver.execute(RemoteWebDriver.java:548)
at org.openqa.selenium.remote.RemoteWebDriver.execute(RemoteWebDriver.java:605)
at org.openqa.selenium.remote.RemoteWebDriver.getScreenshotAs(RemoteWebDriver.java:294)
at pack.AA_TN_TLP.getScreenhot(AA_TN_TLP.java:2679)
at pack.AA_TN_TLP.getResult(AA_TN_TLP.java:2660)
at sun.reflect.NativeMethodAccessorImpl.invoke0(Native Method)
at sun.reflect.NativeMethodAccessorImpl.invoke(Unknown Source)
at sun.reflect.DelegatingMethodAccessorImpl.invoke(Unknown Source)
at java.lang.reflect.Method.invoke(Unknown Source)
at org.testng.internal.MethodInvocationHelper.invokeMethod(MethodInvocationHelper.java:124)
at org.testng.internal.MethodInvocationHelper.invokeMethodConsideringTimeout(MethodInvocationHelper.java:59)
at org.testng.internal.Invoker.invokeConfigurationMethod(Invoker.java:458)
at org.testng.internal.Invoker.invokeConfigurations(Invoker.java:222)
at org.testng.internal.Invoker.invokeMethod(Invoker.java:646)
at org.testng.internal.Invoker.invokeTestMethod(Invoker.java:719)
at org.testng.internal.Invoker.invokeTestMethods(Invoker.java:989)
at org.testng.internal.TestMethodWorker.invokeTestMethods(TestMethodWorker.java:125)
at org.testng.internal.TestMethodWorker.run(TestMethodWorker.java:109)
at org.testng.TestRunner.privateRun(TestRunner.java:648)
at org.testng.TestRunner.run(TestRunner.java:505)
at org.testng.SuiteRunner.runTest(SuiteRunner.java:455)
at org.testng.SuiteRunner.runSequentially(SuiteRunner.java:450)
at org.testng.SuiteRunner.privateRun(SuiteRunner.java:415)
at org.testng.SuiteRunner.run(SuiteRunner.java:364)
at org.testng.SuiteRunnerWorker.runSuite(SuiteRunnerWorker.java:52)
at org.testng.SuiteRunnerWorker.run(SuiteRunnerWorker.java:84)
at org.testng.TestNG.runSuitesSequentially(TestNG.java:1208)
at org.testng.TestNG.runSuitesLocally(TestNG.java:1137)
at org.testng.TestNG.runSuites(TestNG.java:1049)
at org.testng.TestNG.run(TestNG.java:1017)
at org.testng.remote.AbstractRemoteTestNG.run(AbstractRemoteTestNG.java:114)
at org.testng.remote.RemoteTestNG.initAndRun(RemoteTestNG.java:251)
at org.testng.remote.RemoteTestNG.main(RemoteTestNG.java:77)
]]>
            </full-stacktrace>
          </exception> <!-- org.openqa.selenium.NoSuchWindowException -->
          <reporter-output>
          </reporter-output>
        </test-method> <!-- TwoLoansonsameVin_Default_saleLessAmount_RemainingAmountShouldbwaived -->
        <test-method status="PASS" signature="getResult(org.testng.ITestResult)[pri:0, instance:pack.AA_TN_TLP@63753b6d]" name="getResult" is-config="true" duration-ms="29" started-at="2019-07-31T06:38:38Z" finished-at="2019-07-31T06:38:38Z">
          <params>
            <param index="0">
              <value>
                <![CDATA[[TestResult name={null} status=CREATED method=AA_TN_TLP.TwoLoansonsameVin_Default_saleLessAmount_RemainingAmountShouldbwaived()[pri:8, instance:pack.AA_TN_TLP@63753b6d] output={null}]]]>
              </value>
            </param>
          </params>
          <reporter-output>
          </reporter-output>
        </test-method> <!-- getResult -->
        <test-method status="SKIP" signature="tearDown()[pri:0, instance:pack.AA_TN_TLP@63753b6d]" name="tearDown" is-config="true" duration-ms="0" started-at="2019-07-31T06:38:38Z" finished-at="2019-07-31T06:38:38Z">
          <reporter-output>
          </reporter-output>
        </test-method> <!-- tearDown -->
        <test-method status="SKIP" signature="TwoLoansonsameVin_Default_saleMoreAmount_RemainingAmountShouldbwaived()[pri:9, instance:pack.AA_TN_TLP@63753b6d]" name="TwoLoansonsameVin_Default_saleMoreAmount_RemainingAmountShouldbwaived" duration-ms="0" started-at="2019-07-31T06:38:38Z" finished-at="2019-07-31T06:38:38Z">
          <exception class="org.openqa.selenium.NoSuchWindowException">
            <message>
              <![CDATA[Unable to get browser (WARNING: The server did not provide any stacktrace information)
Command duration or timeout: 0 milliseconds
Build info: version: '3.14.0', revision: 'aacccce0', time: '2018-08-02T20:19:58.91Z'
System info: host: 'QTLSYS2-139', ip: '192.168.2.139', os.name: 'Windows 7', os.arch: 'amd64', os.version: '6.1', java.version: '1.8.0_101'
Driver info: org.openqa.selenium.ie.InternetExplorerDriver
Capabilities {browserAttachTimeout: 0, browserName: internet explorer, cssSelectorsEnabled: true, elementScrollBehavior: 0, enableElementCacheCleanup: true, enablePersistentHover: true, handlesAlerts: true, ie.browserCommandLineSwitches: , ie.ensureCleanSession: false, ie.forceCreateProcessApi: false, ie.usePerProcessProxy: false, ignoreProtectedModeSettings: false, ignoreZoomSetting: false, initialBrowserUrl: http://localhost:33260/, javascriptEnabled: true, nativeEvents: true, platform: WINDOWS, platformName: WINDOWS, requireWindowFocus: false, takesScreenshot: true, unexpectedAlertBehaviour: dismiss, unhandledPromptBehavior: dismiss, version: 11}
Session ID: 06387d3e-78c1-46b4-a21a-d3117b7841d3]]>
            </message>
            <full-stacktrace>
              <![CDATA[org.openqa.selenium.NoSuchWindowException: Unable to get browser (WARNING: The server did not provide any stacktrace information)
Command duration or timeout: 0 milliseconds
Build info: version: '3.14.0', revision: 'aacccce0', time: '2018-08-02T20:19:58.91Z'
System info: host: 'QTLSYS2-139', ip: '192.168.2.139', os.name: 'Windows 7', os.arch: 'amd64', os.version: '6.1', java.version: '1.8.0_101'
Driver info: org.openqa.selenium.ie.InternetExplorerDriver
Capabilities {browserAttachTimeout: 0, browserName: internet explorer, cssSelectorsEnabled: true, elementScrollBehavior: 0, enableElementCacheCleanup: true, enablePersistentHover: true, handlesAlerts: true, ie.browserCommandLineSwitches: , ie.ensureCleanSession: false, ie.forceCreateProcessApi: false, ie.usePerProcessProxy: false, ignoreProtectedModeSettings: false, ignoreZoomSetting: false, initialBrowserUrl: http://localhost:33260/, javascriptEnabled: true, nativeEvents: true, platform: WINDOWS, platformName: WINDOWS, requireWindowFocus: false, takesScreenshot: true, unexpectedAlertBehaviour: dismiss, unhandledPromptBehavior: dismiss, version: 11}
Session ID: 06387d3e-78c1-46b4-a21a-d3117b7841d3
at sun.reflect.NativeConstructorAccessorImpl.newInstance0(Native Method)
at sun.reflect.NativeConstructorAccessorImpl.newInstance(Unknown Source)
at sun.reflect.DelegatingConstructorAccessorImpl.newInstance(Unknown Source)
at java.lang.reflect.Constructor.newInstance(Unknown Source)
at org.openqa.selenium.remote.ErrorHandler.createThrowable(ErrorHandler.java:214)
at org.openqa.selenium.remote.ErrorHandler.throwIfResponseFailed(ErrorHandler.java:166)
at org.openqa.selenium.remote.http.JsonHttpResponseCodec.reconstructValue(JsonHttpResponseCodec.java:40)
at org.openqa.selenium.remote.http.AbstractHttpResponseCodec.decode(AbstractHttpResponseCodec.java:80)
at org.openqa.selenium.remote.http.AbstractHttpResponseCodec.decode(AbstractHttpResponseCodec.java:44)
at org.openqa.selenium.remote.HttpCommandExecutor.execute(HttpCommandExecutor.java:158)
at org.openqa.selenium.remote.service.DriverCommandExecutor.execute(DriverCommandExecutor.java:83)
at org.openqa.selenium.remote.RemoteWebDriver.execute(RemoteWebDriver.java:548)
at org.openqa.selenium.remote.RemoteWebDriver.execute(RemoteWebDriver.java:605)
at org.openqa.selenium.remote.RemoteWebDriver.getScreenshotAs(RemoteWebDriver.java:294)
at pack.AA_TN_TLP.getScreenhot(AA_TN_TLP.java:2679)
at pack.AA_TN_TLP.getResult(AA_TN_TLP.java:2660)
at sun.reflect.NativeMethodAccessorImpl.invoke0(Native Method)
at sun.reflect.NativeMethodAccessorImpl.invoke(Unknown Source)
at sun.reflect.DelegatingMethodAccessorImpl.invoke(Unknown Source)
at java.lang.reflect.Method.invoke(Unknown Source)
at org.testng.internal.MethodInvocationHelper.invokeMethod(MethodInvocationHelper.java:124)
at org.testng.internal.MethodInvocationHelper.invokeMethodConsideringTimeout(MethodInvocationHelper.java:59)
at org.testng.internal.Invoker.invokeConfigurationMethod(Invoker.java:458)
at org.testng.internal.Invoker.invokeConfigurations(Invoker.java:222)
at org.testng.internal.Invoker.invokeMethod(Invoker.java:646)
at org.testng.internal.Invoker.invokeTestMethod(Invoker.java:719)
at org.testng.internal.Invoker.invokeTestMethods(Invoker.java:989)
at org.testng.internal.TestMethodWorker.invokeTestMethods(TestMethodWorker.java:125)
at org.testng.internal.TestMethodWorker.run(TestMethodWorker.java:109)
at org.testng.TestRunner.privateRun(TestRunner.java:648)
at org.testng.TestRunner.run(TestRunner.java:505)
at org.testng.SuiteRunner.runTest(SuiteRunner.java:455)
at org.testng.SuiteRunner.runSequentially(SuiteRunner.java:450)
at org.testng.SuiteRunner.privateRun(SuiteRunner.java:415)
at org.testng.SuiteRunner.run(SuiteRunner.java:364)
at org.testng.SuiteRunnerWorker.runSuite(SuiteRunnerWorker.java:52)
at org.testng.SuiteRunnerWorker.run(SuiteRunnerWorker.java:84)
at org.testng.TestNG.runSuitesSequentially(TestNG.java:1208)
at org.testng.TestNG.runSuitesLocally(TestNG.java:1137)
at org.testng.TestNG.runSuites(TestNG.java:1049)
at org.testng.TestNG.run(TestNG.java:1017)
at org.testng.remote.AbstractRemoteTestNG.run(AbstractRemoteTestNG.java:114)
at org.testng.remote.RemoteTestNG.initAndRun(RemoteTestNG.java:251)
at org.testng.remote.RemoteTestNG.main(RemoteTestNG.java:77)
]]>
            </full-stacktrace>
          </exception> <!-- org.openqa.selenium.NoSuchWindowException -->
          <reporter-output>
          </reporter-output>
        </test-method> <!-- TwoLoansonsameVin_Default_saleMoreAmount_RemainingAmountShouldbwaived -->
        <test-method status="PASS" signature="getResult(org.testng.ITestResult)[pri:0, instance:pack.AA_TN_TLP@63753b6d]" name="getResult" is-config="true" duration-ms="27" started-at="2019-07-31T06:38:38Z" finished-at="2019-07-31T06:38:38Z">
          <params>
            <param index="0">
              <value>
                <![CDATA[[TestResult name={null} status=CREATED method=AA_TN_TLP.TwoLoansonsameVin_Default_saleMoreAmount_RemainingAmountShouldbwaived()[pri:9, instance:pack.AA_TN_TLP@63753b6d] output={null}]]]>
              </value>
            </param>
          </params>
          <reporter-output>
          </reporter-output>
        </test-method> <!-- getResult -->
        <test-method status="SKIP" signature="tearDown()[pri:0, instance:pack.AA_TN_TLP@63753b6d]" name="tearDown" is-config="true" duration-ms="0" started-at="2019-07-31T06:38:38Z" finished-at="2019-07-31T06:38:38Z">
          <reporter-output>
          </reporter-output>
        </test-method> <!-- tearDown -->
        <test-method status="SKIP" signature="BorrowerNewLoan_Rule_TLP()[pri:10, instance:pack.AA_TN_TLP@63753b6d]" name="BorrowerNewLoan_Rule_TLP" duration-ms="0" started-at="2019-07-31T06:38:38Z" finished-at="2019-07-31T06:38:38Z">
          <exception class="org.openqa.selenium.NoSuchWindowException">
            <message>
              <![CDATA[Unable to get browser (WARNING: The server did not provide any stacktrace information)
Command duration or timeout: 0 milliseconds
Build info: version: '3.14.0', revision: 'aacccce0', time: '2018-08-02T20:19:58.91Z'
System info: host: 'QTLSYS2-139', ip: '192.168.2.139', os.name: 'Windows 7', os.arch: 'amd64', os.version: '6.1', java.version: '1.8.0_101'
Driver info: org.openqa.selenium.ie.InternetExplorerDriver
Capabilities {browserAttachTimeout: 0, browserName: internet explorer, cssSelectorsEnabled: true, elementScrollBehavior: 0, enableElementCacheCleanup: true, enablePersistentHover: true, handlesAlerts: true, ie.browserCommandLineSwitches: , ie.ensureCleanSession: false, ie.forceCreateProcessApi: false, ie.usePerProcessProxy: false, ignoreProtectedModeSettings: false, ignoreZoomSetting: false, initialBrowserUrl: http://localhost:33260/, javascriptEnabled: true, nativeEvents: true, platform: WINDOWS, platformName: WINDOWS, requireWindowFocus: false, takesScreenshot: true, unexpectedAlertBehaviour: dismiss, unhandledPromptBehavior: dismiss, version: 11}
Session ID: 06387d3e-78c1-46b4-a21a-d3117b7841d3]]>
            </message>
            <full-stacktrace>
              <![CDATA[org.openqa.selenium.NoSuchWindowException: Unable to get browser (WARNING: The server did not provide any stacktrace information)
Command duration or timeout: 0 milliseconds
Build info: version: '3.14.0', revision: 'aacccce0', time: '2018-08-02T20:19:58.91Z'
System info: host: 'QTLSYS2-139', ip: '192.168.2.139', os.name: 'Windows 7', os.arch: 'amd64', os.version: '6.1', java.version: '1.8.0_101'
Driver info: org.openqa.selenium.ie.InternetExplorerDriver
Capabilities {browserAttachTimeout: 0, browserName: internet explorer, cssSelectorsEnabled: true, elementScrollBehavior: 0, enableElementCacheCleanup: true, enablePersistentHover: true, handlesAlerts: true, ie.browserCommandLineSwitches: , ie.ensureCleanSession: false, ie.forceCreateProcessApi: false, ie.usePerProcessProxy: false, ignoreProtectedModeSettings: false, ignoreZoomSetting: false, initialBrowserUrl: http://localhost:33260/, javascriptEnabled: true, nativeEvents: true, platform: WINDOWS, platformName: WINDOWS, requireWindowFocus: false, takesScreenshot: true, unexpectedAlertBehaviour: dismiss, unhandledPromptBehavior: dismiss, version: 11}
Session ID: 06387d3e-78c1-46b4-a21a-d3117b7841d3
at sun.reflect.NativeConstructorAccessorImpl.newInstance0(Native Method)
at sun.reflect.NativeConstructorAccessorImpl.newInstance(Unknown Source)
at sun.reflect.DelegatingConstructorAccessorImpl.newInstance(Unknown Source)
at java.lang.reflect.Constructor.newInstance(Unknown Source)
at org.openqa.selenium.remote.ErrorHandler.createThrowable(ErrorHandler.java:214)
at org.openqa.selenium.remote.ErrorHandler.throwIfResponseFailed(ErrorHandler.java:166)
at org.openqa.selenium.remote.http.JsonHttpResponseCodec.reconstructValue(JsonHttpResponseCodec.java:40)
at org.openqa.selenium.remote.http.AbstractHttpResponseCodec.decode(AbstractHttpResponseCodec.java:80)
at org.openqa.selenium.remote.http.AbstractHttpResponseCodec.decode(AbstractHttpResponseCodec.java:44)
at org.openqa.selenium.remote.HttpCommandExecutor.execute(HttpCommandExecutor.java:158)
at org.openqa.selenium.remote.service.DriverCommandExecutor.execute(DriverCommandExecutor.java:83)
at org.openqa.selenium.remote.RemoteWebDriver.execute(RemoteWebDriver.java:548)
at org.openqa.selenium.remote.RemoteWebDriver.execute(RemoteWebDriver.java:605)
at org.openqa.selenium.remote.RemoteWebDriver.getScreenshotAs(RemoteWebDriver.java:294)
at pack.AA_TN_TLP.getScreenhot(AA_TN_TLP.java:2679)
at pack.AA_TN_TLP.getResult(AA_TN_TLP.java:2660)
at sun.reflect.NativeMethodAccessorImpl.invoke0(Native Method)
at sun.reflect.NativeMethodAccessorImpl.invoke(Unknown Source)
at sun.reflect.DelegatingMethodAccessorImpl.invoke(Unknown Source)
at java.lang.reflect.Method.invoke(Unknown Source)
at org.testng.internal.MethodInvocationHelper.invokeMethod(MethodInvocationHelper.java:124)
at org.testng.internal.MethodInvocationHelper.invokeMethodConsideringTimeout(MethodInvocationHelper.java:59)
at org.testng.internal.Invoker.invokeConfigurationMethod(Invoker.java:458)
at org.testng.internal.Invoker.invokeConfigurations(Invoker.java:222)
at org.testng.internal.Invoker.invokeMethod(Invoker.java:646)
at org.testng.internal.Invoker.invokeTestMethod(Invoker.java:719)
at org.testng.internal.Invoker.invokeTestMethods(Invoker.java:989)
at org.testng.internal.TestMethodWorker.invokeTestMethods(TestMethodWorker.java:125)
at org.testng.internal.TestMethodWorker.run(TestMethodWorker.java:109)
at org.testng.TestRunner.privateRun(TestRunner.java:648)
at org.testng.TestRunner.run(TestRunner.java:505)
at org.testng.SuiteRunner.runTest(SuiteRunner.java:455)
at org.testng.SuiteRunner.runSequentially(SuiteRunner.java:450)
at org.testng.SuiteRunner.privateRun(SuiteRunner.java:415)
at org.testng.SuiteRunner.run(SuiteRunner.java:364)
at org.testng.SuiteRunnerWorker.runSuite(SuiteRunnerWorker.java:52)
at org.testng.SuiteRunnerWorker.run(SuiteRunnerWorker.java:84)
at org.testng.TestNG.runSuitesSequentially(TestNG.java:1208)
at org.testng.TestNG.runSuitesLocally(TestNG.java:1137)
at org.testng.TestNG.runSuites(TestNG.java:1049)
at org.testng.TestNG.run(TestNG.java:1017)
at org.testng.remote.AbstractRemoteTestNG.run(AbstractRemoteTestNG.java:114)
at org.testng.remote.RemoteTestNG.initAndRun(RemoteTestNG.java:251)
at org.testng.remote.RemoteTestNG.main(RemoteTestNG.java:77)
]]>
            </full-stacktrace>
          </exception> <!-- org.openqa.selenium.NoSuchWindowException -->
          <reporter-output>
          </reporter-output>
        </test-method> <!-- BorrowerNewLoan_Rule_TLP -->
        <test-method status="PASS" signature="getResult(org.testng.ITestResult)[pri:0, instance:pack.AA_TN_TLP@63753b6d]" name="getResult" is-config="true" duration-ms="63" started-at="2019-07-31T06:38:38Z" finished-at="2019-07-31T06:38:38Z">
          <params>
            <param index="0">
              <value>
                <![CDATA[[TestResult name={null} status=CREATED method=AA_TN_TLP.BorrowerNewLoan_Rule_TLP()[pri:10, instance:pack.AA_TN_TLP@63753b6d] output={null}]]]>
              </value>
            </param>
          </params>
          <reporter-output>
          </reporter-output>
        </test-method> <!-- getResult -->
        <test-method status="SKIP" signature="tearDown()[pri:0, instance:pack.AA_TN_TLP@63753b6d]" name="tearDown" is-config="true" duration-ms="0" started-at="2019-07-31T06:38:38Z" finished-at="2019-07-31T06:38:38Z">
          <reporter-output>
          </reporter-output>
        </test-method> <!-- tearDown -->
        <test-method status="SKIP" signature="Loan_InstallmentPayment_Void_TLP()[pri:11, instance:pack.AA_TN_TLP@63753b6d]" name="Loan_InstallmentPayment_Void_TLP" duration-ms="0" started-at="2019-07-31T06:38:38Z" finished-at="2019-07-31T06:38:38Z">
          <exception class="org.openqa.selenium.NoSuchWindowException">
            <message>
              <![CDATA[Unable to get browser (WARNING: The server did not provide any stacktrace information)
Command duration or timeout: 0 milliseconds
Build info: version: '3.14.0', revision: 'aacccce0', time: '2018-08-02T20:19:58.91Z'
System info: host: 'QTLSYS2-139', ip: '192.168.2.139', os.name: 'Windows 7', os.arch: 'amd64', os.version: '6.1', java.version: '1.8.0_101'
Driver info: org.openqa.selenium.ie.InternetExplorerDriver
Capabilities {browserAttachTimeout: 0, browserName: internet explorer, cssSelectorsEnabled: true, elementScrollBehavior: 0, enableElementCacheCleanup: true, enablePersistentHover: true, handlesAlerts: true, ie.browserCommandLineSwitches: , ie.ensureCleanSession: false, ie.forceCreateProcessApi: false, ie.usePerProcessProxy: false, ignoreProtectedModeSettings: false, ignoreZoomSetting: false, initialBrowserUrl: http://localhost:33260/, javascriptEnabled: true, nativeEvents: true, platform: WINDOWS, platformName: WINDOWS, requireWindowFocus: false, takesScreenshot: true, unexpectedAlertBehaviour: dismiss, unhandledPromptBehavior: dismiss, version: 11}
Session ID: 06387d3e-78c1-46b4-a21a-d3117b7841d3]]>
            </message>
            <full-stacktrace>
              <![CDATA[org.openqa.selenium.NoSuchWindowException: Unable to get browser (WARNING: The server did not provide any stacktrace information)
Command duration or timeout: 0 milliseconds
Build info: version: '3.14.0', revision: 'aacccce0', time: '2018-08-02T20:19:58.91Z'
System info: host: 'QTLSYS2-139', ip: '192.168.2.139', os.name: 'Windows 7', os.arch: 'amd64', os.version: '6.1', java.version: '1.8.0_101'
Driver info: org.openqa.selenium.ie.InternetExplorerDriver
Capabilities {browserAttachTimeout: 0, browserName: internet explorer, cssSelectorsEnabled: true, elementScrollBehavior: 0, enableElementCacheCleanup: true, enablePersistentHover: true, handlesAlerts: true, ie.browserCommandLineSwitches: , ie.ensureCleanSession: false, ie.forceCreateProcessApi: false, ie.usePerProcessProxy: false, ignoreProtectedModeSettings: false, ignoreZoomSetting: false, initialBrowserUrl: http://localhost:33260/, javascriptEnabled: true, nativeEvents: true, platform: WINDOWS, platformName: WINDOWS, requireWindowFocus: false, takesScreenshot: true, unexpectedAlertBehaviour: dismiss, unhandledPromptBehavior: dismiss, version: 11}
Session ID: 06387d3e-78c1-46b4-a21a-d3117b7841d3
at sun.reflect.NativeConstructorAccessorImpl.newInstance0(Native Method)
at sun.reflect.NativeConstructorAccessorImpl.newInstance(Unknown Source)
at sun.reflect.DelegatingConstructorAccessorImpl.newInstance(Unknown Source)
at java.lang.reflect.Constructor.newInstance(Unknown Source)
at org.openqa.selenium.remote.ErrorHandler.createThrowable(ErrorHandler.java:214)
at org.openqa.selenium.remote.ErrorHandler.throwIfResponseFailed(ErrorHandler.java:166)
at org.openqa.selenium.remote.http.JsonHttpResponseCodec.reconstructValue(JsonHttpResponseCodec.java:40)
at org.openqa.selenium.remote.http.AbstractHttpResponseCodec.decode(AbstractHttpResponseCodec.java:80)
at org.openqa.selenium.remote.http.AbstractHttpResponseCodec.decode(AbstractHttpResponseCodec.java:44)
at org.openqa.selenium.remote.HttpCommandExecutor.execute(HttpCommandExecutor.java:158)
at org.openqa.selenium.remote.service.DriverCommandExecutor.execute(DriverCommandExecutor.java:83)
at org.openqa.selenium.remote.RemoteWebDriver.execute(RemoteWebDriver.java:548)
at org.openqa.selenium.remote.RemoteWebDriver.execute(RemoteWebDriver.java:605)
at org.openqa.selenium.remote.RemoteWebDriver.getScreenshotAs(RemoteWebDriver.java:294)
at pack.AA_TN_TLP.getScreenhot(AA_TN_TLP.java:2679)
at pack.AA_TN_TLP.getResult(AA_TN_TLP.java:2660)
at sun.reflect.NativeMethodAccessorImpl.invoke0(Native Method)
at sun.reflect.NativeMethodAccessorImpl.invoke(Unknown Source)
at sun.reflect.DelegatingMethodAccessorImpl.invoke(Unknown Source)
at java.lang.reflect.Method.invoke(Unknown Source)
at org.testng.internal.MethodInvocationHelper.invokeMethod(MethodInvocationHelper.java:124)
at org.testng.internal.MethodInvocationHelper.invokeMethodConsideringTimeout(MethodInvocationHelper.java:59)
at org.testng.internal.Invoker.invokeConfigurationMethod(Invoker.java:458)
at org.testng.internal.Invoker.invokeConfigurations(Invoker.java:222)
at org.testng.internal.Invoker.invokeMethod(Invoker.java:646)
at org.testng.internal.Invoker.invokeTestMethod(Invoker.java:719)
at org.testng.internal.Invoker.invokeTestMethods(Invoker.java:989)
at org.testng.internal.TestMethodWorker.invokeTestMethods(TestMethodWorker.java:125)
at org.testng.internal.TestMethodWorker.run(TestMethodWorker.java:109)
at org.testng.TestRunner.privateRun(TestRunner.java:648)
at org.testng.TestRunner.run(TestRunner.java:505)
at org.testng.SuiteRunner.runTest(SuiteRunner.java:455)
at org.testng.SuiteRunner.runSequentially(SuiteRunner.java:450)
at org.testng.SuiteRunner.privateRun(SuiteRunner.java:415)
at org.testng.SuiteRunner.run(SuiteRunner.java:364)
at org.testng.SuiteRunnerWorker.runSuite(SuiteRunnerWorker.java:52)
at org.testng.SuiteRunnerWorker.run(SuiteRunnerWorker.java:84)
at org.testng.TestNG.runSuitesSequentially(TestNG.java:1208)
at org.testng.TestNG.runSuitesLocally(TestNG.java:1137)
at org.testng.TestNG.runSuites(TestNG.java:1049)
at org.testng.TestNG.run(TestNG.java:1017)
at org.testng.remote.AbstractRemoteTestNG.run(AbstractRemoteTestNG.java:114)
at org.testng.remote.RemoteTestNG.initAndRun(RemoteTestNG.java:251)
at org.testng.remote.RemoteTestNG.main(RemoteTestNG.java:77)
]]>
            </full-stacktrace>
          </exception> <!-- org.openqa.selenium.NoSuchWindowException -->
          <reporter-output>
          </reporter-output>
        </test-method> <!-- Loan_InstallmentPayment_Void_TLP -->
        <test-method status="PASS" signature="getResult(org.testng.ITestResult)[pri:0, instance:pack.AA_TN_TLP@63753b6d]" name="getResult" is-config="true" duration-ms="22" started-at="2019-07-31T06:38:38Z" finished-at="2019-07-31T06:38:38Z">
          <params>
            <param index="0">
              <value>
                <![CDATA[[TestResult name={null} status=CREATED method=AA_TN_TLP.Loan_InstallmentPayment_Void_TLP()[pri:11, instance:pack.AA_TN_TLP@63753b6d] output={null}]]]>
              </value>
            </param>
          </params>
          <reporter-output>
          </reporter-output>
        </test-method> <!-- getResult -->
        <test-method status="SKIP" signature="tearDown()[pri:0, instance:pack.AA_TN_TLP@63753b6d]" name="tearDown" is-config="true" duration-ms="0" started-at="2019-07-31T06:38:38Z" finished-at="2019-07-31T06:38:38Z">
          <reporter-output>
          </reporter-output>
        </test-method> <!-- tearDown -->
        <test-method status="SKIP" signature="AA_Loan__Payment__RenewLoanDueDate__shouldnotdisplayVoid()[pri:12, instance:pack.AA_TN_TLP@63753b6d]" name="AA_Loan__Payment__RenewLoanDueDate__shouldnotdisplayVoid" duration-ms="0" started-at="2019-07-31T06:38:38Z" finished-at="2019-07-31T06:38:38Z">
          <exception class="org.openqa.selenium.NoSuchWindowException">
            <message>
              <![CDATA[Unable to get browser (WARNING: The server did not provide any stacktrace information)
Command duration or timeout: 0 milliseconds
Build info: version: '3.14.0', revision: 'aacccce0', time: '2018-08-02T20:19:58.91Z'
System info: host: 'QTLSYS2-139', ip: '192.168.2.139', os.name: 'Windows 7', os.arch: 'amd64', os.version: '6.1', java.version: '1.8.0_101'
Driver info: org.openqa.selenium.ie.InternetExplorerDriver
Capabilities {browserAttachTimeout: 0, browserName: internet explorer, cssSelectorsEnabled: true, elementScrollBehavior: 0, enableElementCacheCleanup: true, enablePersistentHover: true, handlesAlerts: true, ie.browserCommandLineSwitches: , ie.ensureCleanSession: false, ie.forceCreateProcessApi: false, ie.usePerProcessProxy: false, ignoreProtectedModeSettings: false, ignoreZoomSetting: false, initialBrowserUrl: http://localhost:33260/, javascriptEnabled: true, nativeEvents: true, platform: WINDOWS, platformName: WINDOWS, requireWindowFocus: false, takesScreenshot: true, unexpectedAlertBehaviour: dismiss, unhandledPromptBehavior: dismiss, version: 11}
Session ID: 06387d3e-78c1-46b4-a21a-d3117b7841d3]]>
            </message>
            <full-stacktrace>
              <![CDATA[org.openqa.selenium.NoSuchWindowException: Unable to get browser (WARNING: The server did not provide any stacktrace information)
Command duration or timeout: 0 milliseconds
Build info: version: '3.14.0', revision: 'aacccce0', time: '2018-08-02T20:19:58.91Z'
System info: host: 'QTLSYS2-139', ip: '192.168.2.139', os.name: 'Windows 7', os.arch: 'amd64', os.version: '6.1', java.version: '1.8.0_101'
Driver info: org.openqa.selenium.ie.InternetExplorerDriver
Capabilities {browserAttachTimeout: 0, browserName: internet explorer, cssSelectorsEnabled: true, elementScrollBehavior: 0, enableElementCacheCleanup: true, enablePersistentHover: true, handlesAlerts: true, ie.browserCommandLineSwitches: , ie.ensureCleanSession: false, ie.forceCreateProcessApi: false, ie.usePerProcessProxy: false, ignoreProtectedModeSettings: false, ignoreZoomSetting: false, initialBrowserUrl: http://localhost:33260/, javascriptEnabled: true, nativeEvents: true, platform: WINDOWS, platformName: WINDOWS, requireWindowFocus: false, takesScreenshot: true, unexpectedAlertBehaviour: dismiss, unhandledPromptBehavior: dismiss, version: 11}
Session ID: 06387d3e-78c1-46b4-a21a-d3117b7841d3
at sun.reflect.NativeConstructorAccessorImpl.newInstance0(Native Method)
at sun.reflect.NativeConstructorAccessorImpl.newInstance(Unknown Source)
at sun.reflect.DelegatingConstructorAccessorImpl.newInstance(Unknown Source)
at java.lang.reflect.Constructor.newInstance(Unknown Source)
at org.openqa.selenium.remote.ErrorHandler.createThrowable(ErrorHandler.java:214)
at org.openqa.selenium.remote.ErrorHandler.throwIfResponseFailed(ErrorHandler.java:166)
at org.openqa.selenium.remote.http.JsonHttpResponseCodec.reconstructValue(JsonHttpResponseCodec.java:40)
at org.openqa.selenium.remote.http.AbstractHttpResponseCodec.decode(AbstractHttpResponseCodec.java:80)
at org.openqa.selenium.remote.http.AbstractHttpResponseCodec.decode(AbstractHttpResponseCodec.java:44)
at org.openqa.selenium.remote.HttpCommandExecutor.execute(HttpCommandExecutor.java:158)
at org.openqa.selenium.remote.service.DriverCommandExecutor.execute(DriverCommandExecutor.java:83)
at org.openqa.selenium.remote.RemoteWebDriver.execute(RemoteWebDriver.java:548)
at org.openqa.selenium.remote.RemoteWebDriver.execute(RemoteWebDriver.java:605)
[...]
Session ID: 06387d3e-78c1-46b4-a21a-d3117b7841d3
at sun.reflect.NativeConstructorAccessorImpl.newInstance0(Native Method)
at sun.reflect.NativeConstructorAccessorImpl.newInstance(Unknown Source)
at sun.reflect.DelegatingConstructorAccessorImpl.newInstance(Unknown Source)
at java.lang.reflect.Constructor.newInstance(Unknown Source)
at org.openqa.selenium.remote.ErrorHandler.createThrowable(ErrorHandler.java:214)
at org.openqa.selenium.remote.ErrorHandler.throwIfResponseFailed(ErrorHandler.java:166)
at org.openqa.selenium.remote.http.JsonHttpResponseCodec.reconstructValue(JsonHttpResponseCodec.java:40)
at org.openqa.selenium.remote.http.AbstractHttpResponseCodec.decode(AbstractHttpResponseCodec.java:80)
at org.openqa.selenium.remote.http.AbstractHttpResponseCodec.decode(AbstractHttpResponseCodec.java:44)
at org.openqa.selenium.remote.HttpCommandExecutor.execute(HttpCommandExecutor.java:158)
at org.openqa.selenium.remote.service.DriverCommandExecutor.execute(DriverCommandExecutor.java:83)
at org.openqa.selenium.remote.RemoteWebDriver.execute(RemoteWebDriver.java:548)
at org.openqa.selenium.remote.RemoteWebDriver.execute(RemoteWebDriver.java:605)
at org.openqa.selenium.remote.RemoteWebDriver.getScreenshotAs(RemoteWebDriver.java:294)
at pack.AA_TN_TLP.getScreenhot(AA_TN_TLP.java:2679)
at pack.AA_TN_TLP.getResult(AA_TN_TLP.java:2660)
at sun.reflect.NativeMethodAccessorImpl.invoke0(Native Method)
at sun.reflect.NativeMethodAccessorImpl.invoke(Unknown Source)
at sun.reflect.DelegatingMethodAccessorImpl.invoke(Unknown Source)
at java.lang.reflect.Method.invoke(Unknown Source)
at org.testng.internal.MethodInvocationHelper.invokeMethod(MethodInvocationHelper.java:124)
at org.testng.internal.MethodInvocationHelper.invokeMethodConsideringTimeout(MethodInvocationHelper.java:59)
at org.testng.internal.Invoker.invokeConfigurationMethod(Invoker.java:458)
at org.testng.internal.Invoker.invokeConfigurations(Invoker.java:222)
at org.testng.internal.Invoker.invokeMethod(Invoker.java:646)
at org.testng.internal.Invoker.invokeTestMethod(Invoker.java:719)
at org.testng.internal.Invoker.invokeTestMethods(Invoker.java:989)
at org.testng.internal.TestMethodWorker.invokeTestMethods(TestMethodWorker.java:125)
at org.testng.internal.TestMethodWorker.run(TestMethodWorker.java:109)
at org.testng.TestRunner.privateRun(TestRunner.java:648)
at org.testng.TestRunner.run(TestRunner.java:505)
at org.testng.SuiteRunner.runTest(SuiteRunner.java:455)
at org.testng.SuiteRunner.runSequentially(SuiteRunner.java:450)
at org.testng.SuiteRunner.privateRun(SuiteRunner.java:415)
at org.testng.SuiteRunner.run(SuiteRunner.java:364)
at org.testng.SuiteRunnerWorker.runSuite(SuiteRunnerWorker.java:52)
at org.testng.SuiteRunnerWorker.run(SuiteRunnerWorker.java:84)
at org.testng.TestNG.runSuitesSequentially(TestNG.java:1208)
at org.testng.TestNG.runSuitesLocally(TestNG.java:1137)
at org.testng.TestNG.runSuites(TestNG.java:1049)
at org.testng.TestNG.run(TestNG.java:1017)
at org.testng.remote.AbstractRemoteTestNG.run(AbstractRemoteTestNG.java:114)
at org.testng.remote.RemoteTestNG.initAndRun(RemoteTestNG.java:251)
at org.testng.remote.RemoteTestNG.main(RemoteTestNG.java:77)
]]>
            </full-stacktrace>
          </exception> <!-- org.openqa.selenium.NoSuchWindowException -->
          <reporter-output>
          </reporter-output>
        </test-method> <!-- AA_NewLoan_PPayment_StpY_2inst_FeePriciple_PPayment -->
        <test-method status="SKIP" signature="tearDown()[pri:0, instance:pack.AA_TN_TLP@63753b6d]" name="tearDown" is-config="true" duration-ms="0" started-at="2019-07-31T06:38:39Z" finished-at="2019-07-31T06:38:39Z">
          <reporter-output>
          </reporter-output>
        </test-method> <!-- tearDown -->
        <test-method status="PASS" signature="getResult(org.testng.ITestResult)[pri:0, instance:pack.AA_TN_TLP@63753b6d]" name="getResult" is-config="true" duration-ms="22" started-at="2019-07-31T06:38:39Z" finished-at="2019-07-31T06:38:39Z">
          <params>
            <param index="0">
              <value>
                <![CDATA[[TestResult name={null} status=CREATED method=AA_TN_TLP.AA_NewLoan_PPayment_StpY_2inst_FeePriciple_PPayment()[pri:44, instance:pack.AA_TN_TLP@63753b6d] output={null}]]]>
              </value>
            </param>
          </params>
          <reporter-output>
          </reporter-output>
        </test-method> <!-- getResult -->
        <test-method status="SKIP" signature="tearDown()[pri:0, instance:pack.AA_TN_TLP@63753b6d]" name="tearDown" is-config="true" duration-ms="0" started-at="2019-07-31T06:38:39Z" finished-at="2019-07-31T06:38:39Z">
          <reporter-output>
          </reporter-output>
        </test-method> <!-- tearDown -->
        <test-method status="SKIP" signature="AA_NewLoan_PPayment_StpY_2ndInstDuration_Payment_StpN()[pri:45, instance:pack.AA_TN_TLP@63753b6d]" name="AA_NewLoan_PPayment_StpY_2ndInstDuration_Payment_StpN" duration-ms="0" started-at="2019-07-31T06:38:39Z" finished-at="2019-07-31T06:38:39Z">
          <exception class="org.openqa.selenium.NoSuchWindowException">
            <message>
              <![CDATA[Unable to get browser (WARNING: The server did not provide any stacktrace information)
Command duration or timeout: 0 milliseconds
Build info: version: '3.14.0', revision: 'aacccce0', time: '2018-08-02T20:19:58.91Z'
System info: host: 'QTLSYS2-139', ip: '192.168.2.139', os.name: 'Windows 7', os.arch: 'amd64', os.version: '6.1', java.version: '1.8.0_101'
Driver info: org.openqa.selenium.ie.InternetExplorerDriver
Capabilities {browserAttachTimeout: 0, browserName: internet explorer, cssSelectorsEnabled: true, elementScrollBehavior: 0, enableElementCacheCleanup: true, enablePersistentHover: true, handlesAlerts: true, ie.browserCommandLineSwitches: , ie.ensureCleanSession: false, ie.forceCreateProcessApi: false, ie.usePerProcessProxy: false, ignoreProtectedModeSettings: false, ignoreZoomSetting: false, initialBrowserUrl: http://localhost:33260/, javascriptEnabled: true, nativeEvents: true, platform: WINDOWS, platformName: WINDOWS, requireWindowFocus: false, takesScreenshot: true, unexpectedAlertBehaviour: dismiss, unhandledPromptBehavior: dismiss, version: 11}
Session ID: 06387d3e-78c1-46b4-a21a-d3117b7841d3]]>
            </message>
            <full-stacktrace>
              <![CDATA[org.openqa.selenium.NoSuchWindowException: Unable to get browser (WARNING: The server did not provide any stacktrace information)
Command duration or timeout: 0 milliseconds
Build info: version: '3.14.0', revision: 'aacccce0', time: '2018-08-02T20:19:58.91Z'
System info: host: 'QTLSYS2-139', ip: '192.168.2.139', os.name: 'Windows 7', os.arch: 'amd64', os.version: '6.1', java.version: '1.8.0_101'
Driver info: org.openqa.selenium.ie.InternetExplorerDriver
Capabilities {browserAttachTimeout: 0, browserName: internet explorer, cssSelectorsEnabled: true, elementScrollBehavior: 0, enableElementCacheCleanup: true, enablePersistentHover: true, handlesAlerts: true, ie.browserCommandLineSwitches: , ie.ensureCleanSession: false, ie.forceCreateProcessApi: false, ie.usePerProcessProxy: false, ignoreProtectedModeSettings: false, ignoreZoomSetting: false, initialBrowserUrl: http://localhost:33260/, javascriptEnabled: true, nativeEvents: true, platform: WINDOWS, platformName: WINDOWS, requireWindowFocus: false, takesScreenshot: true, unexpectedAlertBehaviour: dismiss, unhandledPromptBehavior: dismiss, version: 11}
Session ID: 06387d3e-78c1-46b4-a21a-d3117b7841d3
at sun.reflect.NativeConstructorAccessorImpl.newInstance0(Native Method)
at sun.reflect.NativeConstructorAccessorImpl.newInstance(Unknown Source)
at sun.reflect.DelegatingConstructorAccessorImpl.newInstance(Unknown Source)
at java.lang.reflect.Constructor.newInstance(Unknown Source)
at org.openqa.selenium.remote.ErrorHandler.createThrowable(ErrorHandler.java:214)
at org.openqa.selenium.remote.ErrorHandler.throwIfResponseFailed(ErrorHandler.java:166)
at org.openqa.selenium.remote.http.JsonHttpResponseCodec.reconstructValue(JsonHttpResponseCodec.java:40)
at org.openqa.selenium.remote.http.AbstractHttpResponseCodec.decode(AbstractHttpResponseCodec.java:80)
at org.openqa.selenium.remote.http.AbstractHttpResponseCodec.decode(AbstractHttpResponseCodec.java:44)
at org.openqa.selenium.remote.HttpCommandExecutor.execute(HttpCommandExecutor.java:158)
at org.openqa.selenium.remote.service.DriverCommandExecutor.execute(DriverCommandExecutor.java:83)
at org.openqa.selenium.remote.RemoteWebDriver.execute(RemoteWebDriver.java:548)
at org.openqa.selenium.remote.RemoteWebDriver.execute(RemoteWebDriver.java:605)
at org.openqa.selenium.remote.RemoteWebDriver.getScreenshotAs(RemoteWebDriver.java:294)
at pack.AA_TN_TLP.getScreenhot(AA_TN_TLP.java:2679)
at pack.AA_TN_TLP.getResult(AA_TN_TLP.java:2660)
at sun.reflect.NativeMethodAccessorImpl.invoke0(Native Method)
at sun.reflect.NativeMethodAccessorImpl.invoke(Unknown Source)
at sun.reflect.DelegatingMethodAccessorImpl.invoke(Unknown Source)
at java.lang.reflect.Method.invoke(Unknown Source)
at org.testng.internal.MethodInvocationHelper.invokeMethod(MethodInvocationHelper.java:124)
at org.testng.internal.MethodInvocationHelper.invokeMethodConsideringTimeout(MethodInvocationHelper.java:59)
at org.testng.internal.Invoker.invokeConfigurationMethod(Invoker.java:458)
at org.testng.internal.Invoker.invokeConfigurations(Invoker.java:222)
at org.testng.internal.Invoker.invokeMethod(Invoker.java:646)
at org.testng.internal.Invoker.invokeTestMethod(Invoker.java:719)
at org.testng.internal.Invoker.invokeTestMethods(Invoker.java:989)
at org.testng.internal.TestMethodWorker.invokeTestMethods(TestMethodWorker.java:125)
at org.testng.internal.TestMethodWorker.run(TestMethodWorker.java:109)
at org.testng.TestRunner.privateRun(TestRunner.java:648)
at org.testng.TestRunner.run(TestRunner.java:505)
at org.testng.SuiteRunner.runTest(SuiteRunner.java:455)
at org.testng.SuiteRunner.runSequentially(SuiteRunner.java:450)
at org.testng.SuiteRunner.privateRun(SuiteRunner.java:415)
at org.testng.SuiteRunner.run(SuiteRunner.java:364)
at org.testng.SuiteRunnerWorker.runSuite(SuiteRunnerWorker.java:52)
at org.testng.SuiteRunnerWorker.run(SuiteRunnerWorker.java:84)
at org.testng.TestNG.runSuitesSequentially(TestNG.java:1208)
at org.testng.TestNG.runSuitesLocally(TestNG.java:1137)
at org.testng.TestNG.runSuites(TestNG.java:1049)
at org.testng.TestNG.run(TestNG.java:1017)
at org.testng.remote.AbstractRemoteTestNG.run(AbstractRemoteTestNG.java:114)
at org.testng.remote.RemoteTestNG.initAndRun(RemoteTestNG.java:251)
at org.testng.remote.RemoteTestNG.main(RemoteTestNG.java:77)
]]>
            </full-stacktrace>
          </exception> <!-- org.openqa.selenium.NoSuchWindowException -->
          <reporter-output>
          </reporter-output>
        </test-method> <!-- AA_NewLoan_PPayment_StpY_2ndInstDuration_Payment_StpN -->
        <test-method status="PASS" signature="getResult(org.testng.ITestResult)[pri:0, instance:pack.AA_TN_TLP@63753b6d]" name="getResult" is-config="true" duration-ms="24" started-at="2019-07-31T06:38:39Z" finished-at="2019-07-31T06:38:39Z">
          <params>
            <param index="0">
              <value>
                <![CDATA[[TestResult name={null} status=CREATED method=AA_TN_TLP.AA_NewLoan_PPayment_StpY_2ndInstDuration_Payment_StpN()[pri:45, instance:pack.AA_TN_TLP@63753b6d] output={null}]]]>
              </value>
            </param>
          </params>
          <reporter-output>
          </reporter-output>
        </test-method> <!-- getResult -->
        <test-method status="SKIP" signature="tearDown()[pri:0, instance:pack.AA_TN_TLP@63753b6d]" name="tearDown" is-config="true" duration-ms="0" started-at="2019-07-31T06:38:39Z" finished-at="2019-07-31T06:38:39Z">
          <reporter-output>
          </reporter-output>
        </test-method> <!-- tearDown -->
        <test-method status="SKIP" signature="AA_OneCustomer_OneVIN_TwoLoans_Writoff()[pri:46, instance:pack.AA_TN_TLP@63753b6d]" name="AA_OneCustomer_OneVIN_TwoLoans_Writoff" duration-ms="0" started-at="2019-07-31T06:38:39Z" finished-at="2019-07-31T06:38:39Z">
          <exception class="org.openqa.selenium.NoSuchWindowException">
            <message>
              <![CDATA[Unable to get browser (WARNING: The server did not provide any stacktrace information)
Command duration or timeout: 0 milliseconds
Build info: version: '3.14.0', revision: 'aacccce0', time: '2018-08-02T20:19:58.91Z'
System info: host: 'QTLSYS2-139', ip: '192.168.2.139', os.name: 'Windows 7', os.arch: 'amd64', os.version: '6.1', java.version: '1.8.0_101'
Driver info: org.openqa.selenium.ie.InternetExplorerDriver
Capabilities {browserAttachTimeout: 0, browserName: internet explorer, cssSelectorsEnabled: true, elementScrollBehavior: 0, enableElementCacheCleanup: true, enablePersistentHover: true, handlesAlerts: true, ie.browserCommandLineSwitches: , ie.ensureCleanSession: false, ie.forceCreateProcessApi: false, ie.usePerProcessProxy: false, ignoreProtectedModeSettings: false, ignoreZoomSetting: false, initialBrowserUrl: http://localhost:33260/, javascriptEnabled: true, nativeEvents: true, platform: WINDOWS, platformName: WINDOWS, requireWindowFocus: false, takesScreenshot: true, unexpectedAlertBehaviour: dismiss, unhandledPromptBehavior: dismiss, version: 11}
Session ID: 06387d3e-78c1-46b4-a21a-d3117b7841d3]]>
            </message>
            <full-stacktrace>
              <![CDATA[org.openqa.selenium.NoSuchWindowException: Unable to get browser (WARNING: The server did not provide any stacktrace information)
Command duration or timeout: 0 milliseconds
Build info: version: '3.14.0', revision: 'aacccce0', time: '2018-08-02T20:19:58.91Z'
System info: host: 'QTLSYS2-139', ip: '192.168.2.139', os.name: 'Windows 7', os.arch: 'amd64', os.version: '6.1', java.version: '1.8.0_101'
Driver info: org.openqa.selenium.ie.InternetExplorerDriver
Capabilities {browserAttachTimeout: 0, browserName: internet explorer, cssSelectorsEnabled: true, elementScrollBehavior: 0, enableElementCacheCleanup: true, enablePersistentHover: true, handlesAlerts: true, ie.browserCommandLineSwitches: , ie.ensureCleanSession: false, ie.forceCreateProcessApi: false, ie.usePerProcessProxy: false, ignoreProtectedModeSettings: false, ignoreZoomSetting: false, initialBrowserUrl: http://localhost:33260/, javascriptEnabled: true, nativeEvents: true, platform: WINDOWS, platformName: WINDOWS, requireWindowFocus: false, takesScreenshot: true, unexpectedAlertBehaviour: dismiss, unhandledPromptBehavior: dismiss, version: 11}
Session ID: 06387d3e-78c1-46b4-a21a-d3117b7841d3
at sun.reflect.NativeConstructorAccessorImpl.newInstance0(Native Method)
at sun.reflect.NativeConstructorAccessorImpl.newInstance(Unknown Source)
at sun.reflect.DelegatingConstructorAccessorImpl.newInstance(Unknown Source)
at java.lang.reflect.Constructor.newInstance(Unknown Source)
at org.openqa.selenium.remote.ErrorHandler.createThrowable(ErrorHandler.java:214)
at org.openqa.selenium.remote.ErrorHandler.throwIfResponseFailed(ErrorHandler.java:166)
at org.openqa.selenium.remote.http.JsonHttpResponseCodec.reconstructValue(JsonHttpResponseCodec.java:40)
at org.openqa.selenium.remote.http.AbstractHttpResponseCodec.decode(AbstractHttpResponseCodec.java:80)
at org.openqa.selenium.remote.http.AbstractHttpResponseCodec.decode(AbstractHttpResponseCodec.java:44)
at org.openqa.selenium.remote.HttpCommandExecutor.execute(HttpCommandExecutor.java:158)
at org.openqa.selenium.remote.service.DriverCommandExecutor.execute(DriverCommandExecutor.java:83)
at org.openqa.selenium.remote.RemoteWebDriver.execute(RemoteWebDriver.java:548)
at org.openqa.selenium.remote.RemoteWebDriver.execute(RemoteWebDriver.java:605)
at org.openqa.selenium.remote.RemoteWebDriver.getScreenshotAs(RemoteWebDriver.java:294)
at pack.AA_TN_TLP.getScreenhot(AA_TN_TLP.java:2679)
at pack.AA_TN_TLP.getResult(AA_TN_TLP.java:2660)
at sun.reflect.NativeMethodAccessorImpl.invoke0(Native Method)
at sun.reflect.NativeMethodAccessorImpl.invoke(Unknown Source)
at sun.reflect.DelegatingMethodAccessorImpl.invoke(Unknown Source)
at java.lang.reflect.Method.invoke(Unknown Source)
at org.testng.internal.MethodInvocationHelper.invokeMethod(MethodInvocationHelper.java:124)
at org.testng.internal.MethodInvocationHelper.invokeMethodConsideringTimeout(MethodInvocationHelper.java:59)
at org.testng.internal.Invoker.invokeConfigurationMethod(Invoker.java:458)
at org.testng.internal.Invoker.invokeConfigurations(Invoker.java:222)
at org.testng.internal.Invoker.invokeMethod(Invoker.java:646)
at org.testng.internal.Invoker.invokeTestMethod(Invoker.java:719)
at org.testng.internal.Invoker.invokeTestMethods(Invoker.java:989)
at org.testng.internal.TestMethodWorker.invokeTestMethods(TestMethodWorker.java:125)
at org.testng.internal.TestMethodWorker.run(TestMethodWorker.java:109)
at org.testng.TestRunner.privateRun(TestRunner.java:648)
at org.testng.TestRunner.run(TestRunner.java:505)
at org.testng.SuiteRunner.runTest(SuiteRunner.java:455)
at org.testng.SuiteRunner.runSequentially(SuiteRunner.java:450)
at org.testng.SuiteRunner.privateRun(SuiteRunner.java:415)
at org.testng.SuiteRunner.run(SuiteRunner.java:364)
at org.testng.SuiteRunnerWorker.runSuite(SuiteRunnerWorker.java:52)
at org.testng.SuiteRunnerWorker.run(SuiteRunnerWorker.java:84)
at org.testng.TestNG.runSuitesSequentially(TestNG.java:1208)
at org.testng.TestNG.runSuitesLocally(TestNG.java:1137)
at org.testng.TestNG.runSuites(TestNG.java:1049)
at org.testng.TestNG.run(TestNG.java:1017)
at org.testng.remote.AbstractRemoteTestNG.run(AbstractRemoteTestNG.java:114)
at org.testng.remote.RemoteTestNG.initAndRun(RemoteTestNG.java:251)
at org.testng.remote.RemoteTestNG.main(RemoteTestNG.java:77)
]]>
            </full-stacktrace>
          </exception> <!-- org.openqa.selenium.NoSuchWindowException -->
          <reporter-output>
          </reporter-output>
        </test-method> <!-- AA_OneCustomer_OneVIN_TwoLoans_Writoff -->
        <test-method status="PASS" signature="getResult(org.testng.ITestResult)[pri:0, instance:pack.AA_TN_TLP@63753b6d]" name="getResult" is-config="true" duration-ms="22" started-at="2019-07-31T06:38:39Z" finished-at="2019-07-31T06:38:39Z">
          <params>
            <param index="0">
              <value>
                <![CDATA[[TestResult name={null} status=CREATED method=AA_TN_TLP.AA_OneCustomer_OneVIN_TwoLoans_Writoff()[pri:46, instance:pack.AA_TN_TLP@63753b6d] output={null}]]]>
              </value>
            </param>
          </params>
          <reporter-output>
          </reporter-output>
        </test-method> <!-- getResult -->
        <test-method status="SKIP" signature="tearDown()[pri:0, instance:pack.AA_TN_TLP@63753b6d]" name="tearDown" is-config="true" duration-ms="0" started-at="2019-07-31T06:38:39Z" finished-at="2019-07-31T06:38:39Z">
          <reporter-output>
          </reporter-output>
        </test-method> <!-- tearDown -->
        <test-method status="PASS" signature="quit()[pri:0, instance:pack.AA_TN_TLP@63753b6d]" name="quit" is-config="true" duration-ms="545" started-at="2019-07-31T06:38:39Z" finished-at="2019-07-31T06:38:40Z">
          <reporter-output>
          </reporter-output>
        </test-method> <!-- quit -->
        <test-method status="SKIP" signature="tearDown()[pri:0, instance:pack.AA_TN_TLP@63753b6d]" name="tearDown" is-config="true" duration-ms="0" started-at="2019-07-31T06:38:40Z" finished-at="2019-07-31T06:38:40Z">
          <reporter-output>
          </reporter-output>
        </test-method> <!-- tearDown -->
      </class> <!-- pack.AA_TN_TLP -->
    </test> <!-- Default test -->
  </suite> <!-- Default suite -->
</testng-results>
